In file included from [01m[K/opt/ros/humble/include/rclcpp/rclcpp/logging.hpp:24[m[K,
                 from [01m[K/opt/ros/humble/include/rclcpp/rclcpp/client.hpp:40[m[K,
                 from [01m[K/opt/ros/humble/include/rclcpp/rclcpp/callback_group.hpp:24[m[K,
                 from [01m[K/opt/ros/humble/include/rclcpp/rclcpp/any_executable.hpp:20[m[K,
                 from [01m[K/opt/ros/humble/include/rclcpp/rclcpp/memory_strategy.hpp:25[m[K,
                 from [01m[K/opt/ros/humble/include/rclcpp/rclcpp/memory_strategies.hpp:18[m[K,
                 from [01m[K/opt/ros/humble/include/rclcpp/rclcpp/executor_options.hpp:20[m[K,
                 from [01m[K/opt/ros/humble/include/rclcpp/rclcpp/executor.hpp:37[m[K,
                 from [01m[K/opt/ros/humble/include/rclcpp/rclcpp/executors/multi_threaded_executor.hpp:25[m[K,
                 from [01m[K/opt/ros/humble/include/rclcpp/rclcpp/executors.hpp:21[m[K,
                 from [01m[K/opt/ros/humble/include/rclcpp/rclcpp/rclcpp.hpp:155[m[K,
                 from [01m[K/home/fin/Code/RoboMaster/Task4/hik_camera_driver/include/hik_camera_driver/hik_camera_driver.hpp:10[m[K,
                 from [01m[K/home/fin/Code/RoboMaster/Task4/hik_camera_driver/src/hik_camera_node.cpp:1[m[K:
[01m[K/home/fin/Code/RoboMaster/Task4/hik_camera_driver/src/hik_camera_node.cpp:[m[K In member function ‘[01m[Kvoid hik_camera_driver::HikCameraDriver::cameraCaptureThread()[m[K’:
[01m[K/home/fin/Code/RoboMaster/Task4/hik_camera_driver/src/hik_camera_node.cpp:346:61:[m[K [01;35m[Kwarning: [m[Kformat ‘[01m[K%d[m[K’ expects argument of type ‘[01m[Kint[m[K’, but argument 5 has type ‘[01m[Klong int[m[K’ [[01;35m[K]8;;https://gcc.gnu.org/onlinedocs/gcc/Warning-Options.html#index-Wformat=-Wformat=]8;;[m[K]
  346 |                             RCLCPP_WARN(this->get_logger(), [01;35m[K"不支持的像素格式: %d"[m[K, [32m[Kinfo.enPixelType[m[K);
      |                                                             [01;35m[K^~~~~~~~~~~~~~~~~~~~~~[m[K  [32m[K~~~~~~~~~~~~~~~~[m[K
      |                                                                                          [32m[K|[m[K
      |                                                                                          [32m[Klong int[m[K
[01m[K/home/fin/Code/RoboMaster/Task4/hik_camera_driver/src/hik_camera_node.cpp:346:81:[m[K [01;36m[Knote: [m[Kformat string is defined here
  346 |                             RCLCPP_WARN(this->get_logger(), "不支持的像素格式: [01;36m[K%d[m[K", info.enPixelType);
      |                                                                                [01;36m[K~^[m[K
      |                                                                                 [01;36m[K|[m[K
      |                                                                                 [01;36m[Kint[m[K
      |                                                                                [32m[K%ld[m[K
/usr/bin/ld: warning: libopencv_imgcodecs.so.4.5d, needed by /opt/ros/humble/lib/libcv_bridge.so, may conflict with libopencv_imgcodecs.so.413
/usr/bin/ld: warning: libopencv_imgproc.so.4.5d, needed by /opt/ros/humble/lib/libcv_bridge.so, may conflict with libopencv_imgproc.so.413
/usr/bin/ld: warning: libopencv_core.so.4.5d, needed by /opt/ros/humble/lib/libcv_bridge.so, may conflict with libopencv_core.so.413
