[0.007s] Invoking command in '/home/fin/Code/RoboMaster/Task4/build/hik_camera_driver': CMAKE_PREFIX_PATH=/opt/ros/humble /usr/bin/cmake /home/fin/Code/RoboMaster/Task4/hik_camera_driver -DCMAKE_INSTALL_PREFIX=/home/fin/Code/RoboMaster/Task4/install/hik_camera_driver
[0.018s] -- Found ament_cmake: 1.3.12 (/opt/ros/humble/share/ament_cmake/cmake)
[0.093s] -- Found rclcpp: 16.0.15 (/opt/ros/humble/share/rclcpp/cmake)
[0.108s] -- Found rosidl_generator_c: 3.1.7 (/opt/ros/humble/share/rosidl_generator_c/cmake)
[0.109s] -- Found rosidl_adapter: 3.1.7 (/opt/ros/humble/share/rosidl_adapter/cmake)
[0.112s] -- Found rosidl_generator_cpp: 3.1.7 (/opt/ros/humble/share/rosidl_generator_cpp/cmake)
[0.116s] -- Using all available rosidl_typesupport_c: rosidl_typesupport_fastrtps_c;rosidl_typesupport_introspection_c
[0.124s] -- Using all available rosidl_typesupport_cpp: rosidl_typesupport_fastrtps_cpp;rosidl_typesupport_introspection_cpp
[0.147s] -- Found rmw_implementation_cmake: 6.1.2 (/opt/ros/humble/share/rmw_implementation_cmake/cmake)
[0.148s] -- Found rmw_fastrtps_cpp: 6.2.8 (/opt/ros/humble/share/rmw_fastrtps_cpp/cmake)
[0.220s] -- Using RMW implementation 'rmw_fastrtps_cpp' as default
[0.265s] -- Found sensor_msgs: 4.9.0 (/opt/ros/humble/share/sensor_msgs/cmake)
[0.283s] -- Found cv_bridge: 3.2.1 (/opt/ros/humble/share/cv_bridge/cmake)
[0.286s] -- Found image_transport: 3.1.12 (/opt/ros/humble/share/image_transport/cmake)
[0.300s] -- MVS SDK directory: /opt/MVS
[0.300s] -- MVS library directory: /opt/MVS/lib/64
[0.302s] -- Linking MVS SDK libraries
[0.302s] -- Found ament_lint_auto: 0.12.14 (/opt/ros/humble/share/ament_lint_auto/cmake)
[0.340s] -- Added test 'copyright' to check source files copyright and LICENSE
[0.345s] -- Added test 'cppcheck' to perform static code analysis on C / C++ code
[0.345s] -- Configured cppcheck include dirs: /home/fin/Code/RoboMaster/Task4/hik_camera_driver/include
[0.345s] -- Configured cppcheck exclude dirs and/or files: 
[0.350s] -- Added test 'cpplint' to check C / C++ code against the Google style
[0.350s] -- Configured cpplint exclude dirs and/or files: 
[0.351s] -- Added test 'flake8' to check Python code syntax and style conventions
[0.353s] -- Added test 'lint_cmake' to check CMake code style
[0.354s] -- Added test 'pep257' to check Python code against some of the docstring style conventions in PEP 257
[0.359s] -- Added test 'uncrustify' to check C / C++ code style
[0.359s] -- Configured uncrustify additional arguments: 
[0.360s] -- Added test 'xmllint' to check XML markup files
[0.361s] -- Configuring done
[0.370s] -- Generating done
[0.374s] -- Build files have been written to: /home/fin/Code/RoboMaster/Task4/build/hik_camera_driver
[0.378s] Invoked command in '/home/fin/Code/RoboMaster/Task4/build/hik_camera_driver' returned '0': CMAKE_PREFIX_PATH=/opt/ros/humble /usr/bin/cmake /home/fin/Code/RoboMaster/Task4/hik_camera_driver -DCMAKE_INSTALL_PREFIX=/home/fin/Code/RoboMaster/Task4/install/hik_camera_driver
[0.379s] Invoking command in '/home/fin/Code/RoboMaster/Task4/build/hik_camera_driver': CMAKE_PREFIX_PATH=/opt/ros/humble /usr/bin/cmake --build /home/fin/Code/RoboMaster/Task4/build/hik_camera_driver -- -j24 -l24
[0.409s] [35m[1mConsolidate compiler generated dependencies of target param_info_node[0m
[0.409s] [35m[1mConsolidate compiler generated dependencies of target fps_monitor_node[0m
[0.410s] [35m[1mConsolidate compiler generated dependencies of target hik_camera_node[0m
[0.431s] [ 28%] Built target param_info_node
[0.432s] [ 57%] Built target fps_monitor_node
[0.434s] [ 71%] [32mBuilding CXX object CMakeFiles/hik_camera_node.dir/src/hik_camera_node.cpp.o[0m
[4.067s] [ 85%] [32m[1mLinking CXX executable hik_camera_node[0m
[4.170s] /usr/bin/ld: warning: libopencv_imgcodecs.so.4.5d, needed by /opt/ros/humble/lib/libcv_bridge.so, may conflict with libopencv_imgcodecs.so.413
[4.171s] /usr/bin/ld: warning: libopencv_imgproc.so.4.5d, needed by /opt/ros/humble/lib/libcv_bridge.so, may conflict with libopencv_imgproc.so.413
[4.171s] /usr/bin/ld: warning: libopencv_core.so.4.5d, needed by /opt/ros/humble/lib/libcv_bridge.so, may conflict with libopencv_core.so.413
[4.344s] [100%] Built target hik_camera_node
[4.352s] Invoked command in '/home/fin/Code/RoboMaster/Task4/build/hik_camera_driver' returned '0': CMAKE_PREFIX_PATH=/opt/ros/humble /usr/bin/cmake --build /home/fin/Code/RoboMaster/Task4/build/hik_camera_driver -- -j24 -l24
[4.358s] Invoking command in '/home/fin/Code/RoboMaster/Task4/build/hik_camera_driver': CMAKE_PREFIX_PATH=/opt/ros/humble /usr/bin/cmake --install /home/fin/Code/RoboMaster/Task4/build/hik_camera_driver
[4.362s] -- Install configuration: "RelWithDebInfo"
[4.363s] -- Installing: /home/fin/Code/RoboMaster/Task4/install/hik_camera_driver/lib/hik_camera_driver/hik_camera_node
[4.364s] -- Set runtime path of "/home/fin/Code/RoboMaster/Task4/install/hik_camera_driver/lib/hik_camera_driver/hik_camera_node" to ""
[4.365s] -- Up-to-date: /home/fin/Code/RoboMaster/Task4/install/hik_camera_driver/lib/hik_camera_driver/fps_monitor_node
[4.365s] -- Up-to-date: /home/fin/Code/RoboMaster/Task4/install/hik_camera_driver/lib/hik_camera_driver/param_info_node
[4.365s] -- Up-to-date: /home/fin/Code/RoboMaster/Task4/install/hik_camera_driver/include
[4.365s] -- Up-to-date: /home/fin/Code/RoboMaster/Task4/install/hik_camera_driver/include/hik_camera_driver
[4.365s] -- Installing: /home/fin/Code/RoboMaster/Task4/install/hik_camera_driver/include/hik_camera_driver/hik_camera_driver.hpp
[4.365s] -- Up-to-date: /home/fin/Code/RoboMaster/Task4/install/hik_camera_driver/include/hik_camera_driver/MvObsoleteInterfaces.h
[4.366s] -- Up-to-date: /home/fin/Code/RoboMaster/Task4/install/hik_camera_driver/include/hik_camera_driver/PixelType.h
[4.366s] -- Up-to-date: /home/fin/Code/RoboMaster/Task4/install/hik_camera_driver/include/hik_camera_driver/MvISPErrorDefine.h
[4.366s] -- Up-to-date: /home/fin/Code/RoboMaster/Task4/install/hik_camera_driver/include/hik_camera_driver/MvCameraControl.h
[4.366s] -- Up-to-date: /home/fin/Code/RoboMaster/Task4/install/hik_camera_driver/include/hik_camera_driver/mvs_sdk_wrapper.hpp
[4.366s] -- Up-to-date: /home/fin/Code/RoboMaster/Task4/install/hik_camera_driver/include/hik_camera_driver/ObsoleteCamParams.h
[4.366s] -- Up-to-date: /home/fin/Code/RoboMaster/Task4/install/hik_camera_driver/include/hik_camera_driver/MvErrorDefine.h
[4.366s] -- Up-to-date: /home/fin/Code/RoboMaster/Task4/install/hik_camera_driver/include/hik_camera_driver/CameraParams.h
[4.366s] -- Up-to-date: /home/fin/Code/RoboMaster/Task4/install/hik_camera_driver/share/hik_camera_driver/launch
[4.366s] -- Up-to-date: /home/fin/Code/RoboMaster/Task4/install/hik_camera_driver/share/hik_camera_driver/launch/hik_camera_system.launch.py
[4.366s] -- Up-to-date: /home/fin/Code/RoboMaster/Task4/install/hik_camera_driver/share/hik_camera_driver/config
[4.366s] -- Installing: /home/fin/Code/RoboMaster/Task4/install/hik_camera_driver/share/hik_camera_driver/config/camera_params.yaml
[4.366s] -- Up-to-date: /home/fin/Code/RoboMaster/Task4/install/hik_camera_driver/share/hik_camera_driver/config/camera_display.rviz
[4.366s] -- Up-to-date: /home/fin/Code/RoboMaster/Task4/install/hik_camera_driver/share/ament_index/resource_index/package_run_dependencies/hik_camera_driver
[4.366s] -- Up-to-date: /home/fin/Code/RoboMaster/Task4/install/hik_camera_driver/share/ament_index/resource_index/parent_prefix_path/hik_camera_driver
[4.366s] -- Up-to-date: /home/fin/Code/RoboMaster/Task4/install/hik_camera_driver/share/hik_camera_driver/environment/ament_prefix_path.sh
[4.366s] -- Installing: /home/fin/Code/RoboMaster/Task4/install/hik_camera_driver/share/hik_camera_driver/environment/ament_prefix_path.dsv
[4.366s] -- Up-to-date: /home/fin/Code/RoboMaster/Task4/install/hik_camera_driver/share/hik_camera_driver/environment/path.sh
[4.366s] -- Installing: /home/fin/Code/RoboMaster/Task4/install/hik_camera_driver/share/hik_camera_driver/environment/path.dsv
[4.366s] -- Up-to-date: /home/fin/Code/RoboMaster/Task4/install/hik_camera_driver/share/hik_camera_driver/local_setup.bash
[4.366s] -- Up-to-date: /home/fin/Code/RoboMaster/Task4/install/hik_camera_driver/share/hik_camera_driver/local_setup.sh
[4.366s] -- Up-to-date: /home/fin/Code/RoboMaster/Task4/install/hik_camera_driver/share/hik_camera_driver/local_setup.zsh
[4.366s] -- Installing: /home/fin/Code/RoboMaster/Task4/install/hik_camera_driver/share/hik_camera_driver/local_setup.dsv
[4.366s] -- Installing: /home/fin/Code/RoboMaster/Task4/install/hik_camera_driver/share/hik_camera_driver/package.dsv
[4.366s] -- Up-to-date: /home/fin/Code/RoboMaster/Task4/install/hik_camera_driver/share/ament_index/resource_index/packages/hik_camera_driver
[4.366s] -- Up-to-date: /home/fin/Code/RoboMaster/Task4/install/hik_camera_driver/share/hik_camera_driver/cmake/hik_camera_driverConfig.cmake
[4.366s] -- Up-to-date: /home/fin/Code/RoboMaster/Task4/install/hik_camera_driver/share/hik_camera_driver/cmake/hik_camera_driverConfig-version.cmake
[4.367s] -- Up-to-date: /home/fin/Code/RoboMaster/Task4/install/hik_camera_driver/share/hik_camera_driver/package.xml
[4.368s] Invoked command in '/home/fin/Code/RoboMaster/Task4/build/hik_camera_driver' returned '0': CMAKE_PREFIX_PATH=/opt/ros/humble /usr/bin/cmake --install /home/fin/Code/RoboMaster/Task4/build/hik_camera_driver
