[0.005s] Invoking command in '/home/fin/Code/RoboMaster/Task4/build/hik_camera_driver': /usr/bin/cmake /home/fin/Code/RoboMaster/Task4/hik_camera_driver -DCMAKE_BUILD_TYPE=RelWithDebInfo -DMVS_SDK_DIR=/opt/MVS -DHAVE_MVS_SDK=ON -DCMAKE_INSTALL_PREFIX=/home/fin/Code/RoboMaster/Task4/install/hik_camera_driver
[0.049s] -- The C compiler identification is GNU 11.4.0
[0.105s] -- The CXX compiler identification is GNU 11.4.0
[0.109s] -- Detecting C compiler ABI info
[0.182s] -- Detecting C compiler ABI info - done
[0.191s] -- Check for working C compiler: /usr/bin/cc - skipped
[0.191s] -- Detecting C compile features
[0.192s] -- Detecting C compile features - done
[0.195s] -- Detecting CXX compiler ABI info
[0.287s] -- Detecting CXX compiler ABI info - done
[0.291s] -- Check for working CXX compiler: /usr/bin/c++ - skipped
[0.291s] -- Detecting CXX compile features
[0.291s] -- Detecting CXX compile features - done
[0.292s] -- Found ament_cmake: 1.3.12 (/opt/ros/humble/share/ament_cmake/cmake)
[0.409s] -- Found Python3: /usr/bin/python3 (found version "3.10.12") found components: Interpreter 
[0.452s] -- Found rclcpp: 16.0.15 (/opt/ros/humble/share/rclcpp/cmake)
[0.471s] -- Found rosidl_generator_c: 3.1.7 (/opt/ros/humble/share/rosidl_generator_c/cmake)
[0.473s] -- Found rosidl_adapter: 3.1.7 (/opt/ros/humble/share/rosidl_adapter/cmake)
[0.476s] -- Found rosidl_generator_cpp: 3.1.7 (/opt/ros/humble/share/rosidl_generator_cpp/cmake)
[0.482s] CMake Error at /opt/ros/humble/share/rosidl_typesupport_c/cmake/get_used_typesupports.cmake:35 (message):
[0.482s]   No 'rosidl_typesupport_c' found
[0.482s] Call Stack (most recent call first):
[0.482s]   /opt/ros/humble/share/rosidl_typesupport_c/cmake/rosidl_typesupport_c-extras.cmake:8 (get_used_typesupports)
[0.482s]   /opt/ros/humble/share/rosidl_typesupport_c/cmake/rosidl_typesupport_cConfig.cmake:41 (include)
[0.482s]   /opt/ros/humble/share/builtin_interfaces/cmake/ament_cmake_export_dependencies-extras.cmake:21 (find_package)
[0.482s]   /opt/ros/humble/share/builtin_interfaces/cmake/builtin_interfacesConfig.cmake:41 (include)
[0.482s]   /opt/ros/humble/share/libstatistics_collector/cmake/ament_cmake_export_dependencies-extras.cmake:21 (find_package)
[0.482s]   /opt/ros/humble/share/libstatistics_collector/cmake/libstatistics_collectorConfig.cmake:41 (include)
[0.482s]   /opt/ros/humble/share/rclcpp/cmake/ament_cmake_export_dependencies-extras.cmake:21 (find_package)
[0.482s]   /opt/ros/humble/share/rclcpp/cmake/rclcppConfig.cmake:41 (include)
[0.483s]   CMakeLists.txt:16 (find_package)
[0.483s] 
[0.483s] 
[0.483s] -- Configuring incomplete, errors occurred!
[0.483s] See also "/home/fin/Code/RoboMaster/Task4/build/hik_camera_driver/CMakeFiles/CMakeOutput.log".
[0.485s] Invoked command in '/home/fin/Code/RoboMaster/Task4/build/hik_camera_driver' returned '1': /usr/bin/cmake /home/fin/Code/RoboMaster/Task4/hik_camera_driver -DCMAKE_BUILD_TYPE=RelWithDebInfo -DMVS_SDK_DIR=/opt/MVS -DHAVE_MVS_SDK=ON -DCMAKE_INSTALL_PREFIX=/home/fin/Code/RoboMaster/Task4/install/hik_camera_driver
