[0.007s] Invoking command in '/home/fin/Code/RoboMaster/Task4/hik_camera_driver/build/hik_camera_driver': CMAKE_PREFIX_PATH=/opt/ros/humble /usr/bin/cmake --build /home/fin/Code/RoboMaster/Task4/hik_camera_driver/build/hik_camera_driver -- -j24 -l24
[0.051s] Consolidate compiler generated dependencies of target hik_camera_node
[0.059s] [ 28%] Built target param_info_node
[0.061s] [ 57%] Built target fps_monitor_node
[0.063s] [ 71%] Building CXX object CMakeFiles/hik_camera_node.dir/src/hik_camera_node.cpp.o
[1.896s] In file included from /opt/ros/humble/include/rclcpp/rclcpp/logging.hpp:24,
[1.896s]                  from /opt/ros/humble/include/rclcpp/rclcpp/client.hpp:40,
[1.896s]                  from /opt/ros/humble/include/rclcpp/rclcpp/callback_group.hpp:24,
[1.896s]                  from /opt/ros/humble/include/rclcpp/rclcpp/any_executable.hpp:20,
[1.896s]                  from /opt/ros/humble/include/rclcpp/rclcpp/memory_strategy.hpp:25,
[1.896s]                  from /opt/ros/humble/include/rclcpp/rclcpp/memory_strategies.hpp:18,
[1.896s]                  from /opt/ros/humble/include/rclcpp/rclcpp/executor_options.hpp:20,
[1.896s]                  from /opt/ros/humble/include/rclcpp/rclcpp/executor.hpp:37,
[1.896s]                  from /opt/ros/humble/include/rclcpp/rclcpp/executors/multi_threaded_executor.hpp:25,
[1.896s]                  from /opt/ros/humble/include/rclcpp/rclcpp/executors.hpp:21,
[1.896s]                  from /opt/ros/humble/include/rclcpp/rclcpp/rclcpp.hpp:155,
[1.896s]                  from /home/fin/Code/RoboMaster/Task4/hik_camera_driver/include/hik_camera_driver/hik_camera_driver.hpp:10,
[1.896s]                  from /home/fin/Code/RoboMaster/Task4/hik_camera_driver/src/hik_camera_node.cpp:1:
[1.896s] /home/fin/Code/RoboMaster/Task4/hik_camera_driver/src/hik_camera_node.cpp: In member function ‘void hik_camera_driver::HikCameraDriver::cameraCaptureThread()’:
[1.896s] /home/fin/Code/RoboMaster/Task4/hik_camera_driver/src/hik_camera_node.cpp:346:61: warning: format ‘%d’ expects argument of type ‘int’, but argument 5 has type ‘long int’ [-Wformat=]
[1.896s]   346 |                             RCLCPP_WARN(this->get_logger(), "不支持的像素格式: %d", info.enPixelType);
[1.896s]       |                                                             ^~~~~~~~~~~~~~~~~~~~~~  ~~~~~~~~~~~~~~~~
[1.896s]       |                                                                                          |
[1.896s]       |                                                                                          long int
[1.896s] /home/fin/Code/RoboMaster/Task4/hik_camera_driver/src/hik_camera_node.cpp:346:81: note: format string is defined here
[1.896s]   346 |                             RCLCPP_WARN(this->get_logger(), "不支持的像素格式: %d", info.enPixelType);
[1.896s]       |                                                                                ~^
[1.896s]       |                                                                                 |
[1.896s]       |                                                                                 int
[1.896s]       |                                                                                %ld
[3.748s] [ 85%] Linking CXX executable hik_camera_node
[3.804s] /usr/bin/ld: warning: libopencv_imgcodecs.so.4.5d, needed by /opt/ros/humble/lib/libcv_bridge.so, may conflict with libopencv_imgcodecs.so.413
[3.804s] /usr/bin/ld: warning: libopencv_imgproc.so.4.5d, needed by /opt/ros/humble/lib/libcv_bridge.so, may conflict with libopencv_imgproc.so.413
[3.804s] /usr/bin/ld: warning: libopencv_core.so.4.5d, needed by /opt/ros/humble/lib/libcv_bridge.so, may conflict with libopencv_core.so.413
[3.964s] [100%] Built target hik_camera_node
[3.971s] Invoked command in '/home/fin/Code/RoboMaster/Task4/hik_camera_driver/build/hik_camera_driver' returned '0': CMAKE_PREFIX_PATH=/opt/ros/humble /usr/bin/cmake --build /home/fin/Code/RoboMaster/Task4/hik_camera_driver/build/hik_camera_driver -- -j24 -l24
[3.979s] Invoking command in '/home/fin/Code/RoboMaster/Task4/hik_camera_driver/build/hik_camera_driver': CMAKE_PREFIX_PATH=/opt/ros/humble /usr/bin/cmake --install /home/fin/Code/RoboMaster/Task4/hik_camera_driver/build/hik_camera_driver
[3.985s] -- Install configuration: "RelWithDebInfo"
[3.985s] -- Installing: /home/fin/Code/RoboMaster/Task4/hik_camera_driver/install/hik_camera_driver/lib/hik_camera_driver/hik_camera_node
[3.987s] -- Set runtime path of "/home/fin/Code/RoboMaster/Task4/hik_camera_driver/install/hik_camera_driver/lib/hik_camera_driver/hik_camera_node" to "/opt/MVS/lib/64:/opt/ros/humble/lib/x86_64-linux-gnu:/opt/ros/humble/lib:/usr/local/lib"
[3.988s] -- Up-to-date: /home/fin/Code/RoboMaster/Task4/hik_camera_driver/install/hik_camera_driver/lib/hik_camera_driver/fps_monitor_node
[3.988s] -- Up-to-date: /home/fin/Code/RoboMaster/Task4/hik_camera_driver/install/hik_camera_driver/lib/hik_camera_driver/param_info_node
[3.988s] -- Up-to-date: /home/fin/Code/RoboMaster/Task4/hik_camera_driver/install/hik_camera_driver/include
[3.988s] -- Up-to-date: /home/fin/Code/RoboMaster/Task4/hik_camera_driver/install/hik_camera_driver/include/hik_camera_driver
[3.988s] -- Up-to-date: /home/fin/Code/RoboMaster/Task4/hik_camera_driver/install/hik_camera_driver/include/hik_camera_driver/hik_camera_driver.hpp
[3.988s] -- Up-to-date: /home/fin/Code/RoboMaster/Task4/hik_camera_driver/install/hik_camera_driver/include/hik_camera_driver/MvObsoleteInterfaces.h
[3.988s] -- Up-to-date: /home/fin/Code/RoboMaster/Task4/hik_camera_driver/install/hik_camera_driver/include/hik_camera_driver/PixelType.h
[3.988s] -- Up-to-date: /home/fin/Code/RoboMaster/Task4/hik_camera_driver/install/hik_camera_driver/include/hik_camera_driver/MvISPErrorDefine.h
[3.989s] -- Up-to-date: /home/fin/Code/RoboMaster/Task4/hik_camera_driver/install/hik_camera_driver/include/hik_camera_driver/MvCameraControl.h
[3.989s] -- Up-to-date: /home/fin/Code/RoboMaster/Task4/hik_camera_driver/install/hik_camera_driver/include/hik_camera_driver/mvs_sdk_wrapper.hpp
[3.989s] -- Up-to-date: /home/fin/Code/RoboMaster/Task4/hik_camera_driver/install/hik_camera_driver/include/hik_camera_driver/ObsoleteCamParams.h
[3.989s] -- Up-to-date: /home/fin/Code/RoboMaster/Task4/hik_camera_driver/install/hik_camera_driver/include/hik_camera_driver/MvErrorDefine.h
[3.989s] -- Up-to-date: /home/fin/Code/RoboMaster/Task4/hik_camera_driver/install/hik_camera_driver/include/hik_camera_driver/CameraParams.h
[3.990s] -- Up-to-date: /home/fin/Code/RoboMaster/Task4/hik_camera_driver/install/hik_camera_driver/share/hik_camera_driver/launch
[3.990s] -- Up-to-date: /home/fin/Code/RoboMaster/Task4/hik_camera_driver/install/hik_camera_driver/share/hik_camera_driver/launch/hik_camera_system.launch.py
[3.990s] -- Up-to-date: /home/fin/Code/RoboMaster/Task4/hik_camera_driver/install/hik_camera_driver/share/hik_camera_driver/config
[3.990s] -- Up-to-date: /home/fin/Code/RoboMaster/Task4/hik_camera_driver/install/hik_camera_driver/share/hik_camera_driver/config/camera_params.yaml
[3.990s] -- Up-to-date: /home/fin/Code/RoboMaster/Task4/hik_camera_driver/install/hik_camera_driver/share/hik_camera_driver/config/camera_display.rviz
[3.991s] -- Up-to-date: /home/fin/Code/RoboMaster/Task4/hik_camera_driver/install/hik_camera_driver/share/ament_index/resource_index/package_run_dependencies/hik_camera_driver
[3.991s] -- Up-to-date: /home/fin/Code/RoboMaster/Task4/hik_camera_driver/install/hik_camera_driver/share/ament_index/resource_index/parent_prefix_path/hik_camera_driver
[3.991s] -- Up-to-date: /home/fin/Code/RoboMaster/Task4/hik_camera_driver/install/hik_camera_driver/share/hik_camera_driver/environment/ament_prefix_path.sh
[3.991s] -- Up-to-date: /home/fin/Code/RoboMaster/Task4/hik_camera_driver/install/hik_camera_driver/share/hik_camera_driver/environment/ament_prefix_path.dsv
[3.992s] -- Up-to-date: /home/fin/Code/RoboMaster/Task4/hik_camera_driver/install/hik_camera_driver/share/hik_camera_driver/environment/path.sh
[3.992s] -- Up-to-date: /home/fin/Code/RoboMaster/Task4/hik_camera_driver/install/hik_camera_driver/share/hik_camera_driver/environment/path.dsv
[3.992s] -- Up-to-date: /home/fin/Code/RoboMaster/Task4/hik_camera_driver/install/hik_camera_driver/share/hik_camera_driver/local_setup.bash
[3.993s] -- Up-to-date: /home/fin/Code/RoboMaster/Task4/hik_camera_driver/install/hik_camera_driver/share/hik_camera_driver/local_setup.sh
[3.993s] -- Up-to-date: /home/fin/Code/RoboMaster/Task4/hik_camera_driver/install/hik_camera_driver/share/hik_camera_driver/local_setup.zsh
[3.994s] -- Up-to-date: /home/fin/Code/RoboMaster/Task4/hik_camera_driver/install/hik_camera_driver/share/hik_camera_driver/local_setup.dsv
[3.994s] -- Installing: /home/fin/Code/RoboMaster/Task4/hik_camera_driver/install/hik_camera_driver/share/hik_camera_driver/package.dsv
[3.994s] -- Up-to-date: /home/fin/Code/RoboMaster/Task4/hik_camera_driver/install/hik_camera_driver/share/ament_index/resource_index/packages/hik_camera_driver
[3.995s] -- Up-to-date: /home/fin/Code/RoboMaster/Task4/hik_camera_driver/install/hik_camera_driver/share/hik_camera_driver/cmake/hik_camera_driverConfig.cmake
[3.995s] -- Up-to-date: /home/fin/Code/RoboMaster/Task4/hik_camera_driver/install/hik_camera_driver/share/hik_camera_driver/cmake/hik_camera_driverConfig-version.cmake
[3.995s] -- Up-to-date: /home/fin/Code/RoboMaster/Task4/hik_camera_driver/install/hik_camera_driver/share/hik_camera_driver/package.xml
[3.996s] Invoked command in '/home/fin/Code/RoboMaster/Task4/hik_camera_driver/build/hik_camera_driver' returned '0': CMAKE_PREFIX_PATH=/opt/ros/humble /usr/bin/cmake --install /home/fin/Code/RoboMaster/Task4/hik_camera_driver/build/hik_camera_driver
