[0.006s] Invoking command in '/home/fin/Code/RoboMaster/Task4/build/hik_camera_driver': CMAKE_PREFIX_PATH=/opt/ros/humble /usr/bin/cmake /home/fin/Code/RoboMaster/Task4/hik_camera_driver -DCMAKE_BUILD_TYPE=RelWithDebInfo -DCMAKE_INSTALL_PREFIX=/home/fin/Code/RoboMaster/Task4/install/hik_camera_driver
[0.013s] -- Found ament_cmake: 1.3.12 (/opt/ros/humble/share/ament_cmake/cmake)
[0.081s] -- Found rclcpp: 16.0.15 (/opt/ros/humble/share/rclcpp/cmake)
[0.096s] -- Found rosidl_generator_c: 3.1.7 (/opt/ros/humble/share/rosidl_generator_c/cmake)
[0.097s] -- Found rosidl_adapter: 3.1.7 (/opt/ros/humble/share/rosidl_adapter/cmake)
[0.099s] -- Found rosidl_generator_cpp: 3.1.7 (/opt/ros/humble/share/rosidl_generator_cpp/cmake)
[0.104s] -- Using all available rosidl_typesupport_c: rosidl_typesupport_fastrtps_c;rosidl_typesupport_introspection_c
[0.116s] -- Using all available rosidl_typesupport_cpp: rosidl_typesupport_fastrtps_cpp;rosidl_typesupport_introspection_cpp
[0.151s] -- Found rmw_implementation_cmake: 6.1.2 (/opt/ros/humble/share/rmw_implementation_cmake/cmake)
[0.153s] -- Found rmw_fastrtps_cpp: 6.2.8 (/opt/ros/humble/share/rmw_fastrtps_cpp/cmake)
[0.226s] -- Found OpenSSL: /usr/lib/x86_64-linux-gnu/libcrypto.so (found version "3.0.2")  
[0.254s] -- Found FastRTPS: /opt/ros/humble/include  
[0.283s] -- Using RMW implementation 'rmw_fastrtps_cpp' as default
[0.295s] -- Looking for pthread.h
[0.387s] -- Looking for pthread.h - found
[0.387s] -- Performing Test CMAKE_HAVE_LIBC_PTHREAD
[0.457s] -- Performing Test CMAKE_HAVE_LIBC_PTHREAD - Success
[0.458s] -- Found Threads: TRUE  
[0.500s] -- Found sensor_msgs: 4.9.0 (/opt/ros/humble/share/sensor_msgs/cmake)
[0.517s] -- Found cv_bridge: 3.2.1 (/opt/ros/humble/share/cv_bridge/cmake)
[0.522s] -- Found image_transport: 3.1.12 (/opt/ros/humble/share/image_transport/cmake)
[0.541s] -- Found OpenCV: /usr/local (found version "4.13.0") 
[0.541s] -- MVS SDK directory: /opt/MVS
[0.541s] -- MVS library directory: /opt/MVS/lib/64
[0.543s] -- Linking MVS SDK libraries
[0.545s] -- Found ament_lint_auto: 0.12.14 (/opt/ros/humble/share/ament_lint_auto/cmake)
[0.585s] -- Added test 'copyright' to check source files copyright and LICENSE
[0.590s] -- Added test 'cppcheck' to perform static code analysis on C / C++ code
[0.591s] -- Configured cppcheck include dirs: /home/fin/Code/RoboMaster/Task4/hik_camera_driver/include
[0.591s] -- Configured cppcheck exclude dirs and/or files: 
[0.596s] -- Added test 'cpplint' to check C / C++ code against the Google style
[0.596s] -- Configured cpplint exclude dirs and/or files: 
[0.597s] -- Added test 'flake8' to check Python code syntax and style conventions
[0.598s] -- Added test 'lint_cmake' to check CMake code style
[0.599s] -- Added test 'pep257' to check Python code against some of the docstring style conventions in PEP 257
[0.604s] -- Added test 'uncrustify' to check C / C++ code style
[0.604s] -- Configured uncrustify additional arguments: 
[0.605s] -- Added test 'xmllint' to check XML markup files
[0.606s] -- Configuring done
[0.614s] -- Generating done
[0.618s] -- Build files have been written to: /home/fin/Code/RoboMaster/Task4/build/hik_camera_driver
[0.622s] Invoked command in '/home/fin/Code/RoboMaster/Task4/build/hik_camera_driver' returned '0': CMAKE_PREFIX_PATH=/opt/ros/humble /usr/bin/cmake /home/fin/Code/RoboMaster/Task4/hik_camera_driver -DCMAKE_BUILD_TYPE=RelWithDebInfo -DCMAKE_INSTALL_PREFIX=/home/fin/Code/RoboMaster/Task4/install/hik_camera_driver
[0.623s] Invoking command in '/home/fin/Code/RoboMaster/Task4/build/hik_camera_driver': CMAKE_PREFIX_PATH=/opt/ros/humble /usr/bin/cmake --build /home/fin/Code/RoboMaster/Task4/build/hik_camera_driver -- -j24 -l24
[0.675s] [ 14%] Building CXX object CMakeFiles/param_info_node.dir/src/param_info_node.cpp.o
[0.675s] [ 28%] Building CXX object CMakeFiles/hik_camera_node.dir/src/hik_camera_node.cpp.o
[0.675s] [ 57%] Building CXX object CMakeFiles/hik_camera_node.dir/src/mvs_sdk_wrapper.cpp.o
[0.675s] [ 57%] Building CXX object CMakeFiles/fps_monitor_node.dir/src/fps_monitor_node.cpp.o
[2.564s] /home/fin/Code/RoboMaster/Task4/hik_camera_driver/src/hik_camera_node.cpp: In member function ‘void hik_camera_driver::HikCameraDriver::cameraCaptureThread()’:
[2.564s] /home/fin/Code/RoboMaster/Task4/hik_camera_driver/src/hik_camera_node.cpp:241:31: error: ‘MV_CC_PIXEL_CONVERT_PARAM’ {aka ‘struct _MV_CC_PIXEL_CONVERT_PARAM_’} has no member named ‘pDstBuf’; did you mean ‘pDstBuffer’?
[2.564s]   241 |                             c.pDstBuf = dst.data();
[2.564s]       |                               ^~~~~~~
[2.564s]       |                               pDstBuffer
[2.564s] /home/fin/Code/RoboMaster/Task4/hik_camera_driver/src/hik_camera_node.cpp:242:31: error: ‘MV_CC_PIXEL_CONVERT_PARAM’ {aka ‘struct _MV_CC_PIXEL_CONVERT_PARAM_’} has no member named ‘nDstBufSize’; did you mean ‘nDstBufferSize’?
[2.564s]   242 |                             c.nDstBufSize = static_cast<unsigned int>(dst.size());
[2.564s]       |                               ^~~~~~~~~~~
[2.564s]       |                               nDstBufferSize
[3.087s] gmake[2]: *** [CMakeFiles/hik_camera_node.dir/build.make:76：CMakeFiles/hik_camera_node.dir/src/hik_camera_node.cpp.o] 错误 1
[3.087s] gmake[1]: *** [CMakeFiles/Makefile2:141：CMakeFiles/hik_camera_node.dir/all] 错误 2
[3.087s] gmake[1]: *** 正在等待未完成的任务....
[4.491s] [ 71%] Linking CXX executable param_info_node
[4.576s] [ 71%] Built target param_info_node
[8.841s] [ 85%] Linking CXX executable fps_monitor_node
[8.989s] [ 85%] Built target fps_monitor_node
[8.990s] gmake: *** [Makefile:146：all] 错误 2
[8.991s] Invoked command in '/home/fin/Code/RoboMaster/Task4/build/hik_camera_driver' returned '2': CMAKE_PREFIX_PATH=/opt/ros/humble /usr/bin/cmake --build /home/fin/Code/RoboMaster/Task4/build/hik_camera_driver -- -j24 -l24
