[0.007s] Invoking command in '/home/fin/Code/RoboMaster/Task4/build/hik_camera_driver': CMAKE_PREFIX_PATH=/opt/ros/humble /usr/bin/cmake --build /home/fin/Code/RoboMaster/Task4/build/hik_camera_driver -- -j24 -l24
[0.042s] Consolidate compiler generated dependencies of target fps_monitor_node
[0.044s] Consolidate compiler generated dependencies of target param_info_node
[0.047s] Consolidate compiler generated dependencies of target hik_camera_node
[0.053s] [ 28%] Built target fps_monitor_node
[0.054s] [ 57%] Built target param_info_node
[0.058s] [ 71%] Building CXX object CMakeFiles/hik_camera_node.dir/src/hik_camera_node.cpp.o
[3.532s] [ 85%] Linking CXX executable hik_camera_node
[3.581s] /usr/bin/ld: warning: libopencv_imgcodecs.so.4.5d, needed by /opt/ros/humble/lib/libcv_bridge.so, may conflict with libopencv_imgcodecs.so.413
[3.581s] /usr/bin/ld: warning: libopencv_core.so.4.5d, needed by /opt/ros/humble/lib/libcv_bridge.so, may conflict with libopencv_core.so.413
[3.738s] [100%] Built target hik_camera_node
[3.744s] Invoked command in '/home/fin/Code/RoboMaster/Task4/build/hik_camera_driver' returned '0': CMAKE_PREFIX_PATH=/opt/ros/humble /usr/bin/cmake --build /home/fin/Code/RoboMaster/Task4/build/hik_camera_driver -- -j24 -l24
[3.750s] Invoking command in '/home/fin/Code/RoboMaster/Task4/build/hik_camera_driver': CMAKE_PREFIX_PATH=/opt/ros/humble /usr/bin/cmake --install /home/fin/Code/RoboMaster/Task4/build/hik_camera_driver
[3.755s] -- Install configuration: "RelWithDebInfo"
[3.755s] -- Installing: /home/fin/Code/RoboMaster/Task4/install/hik_camera_driver/lib/hik_camera_driver/hik_camera_node
[3.756s] -- Set runtime path of "/home/fin/Code/RoboMaster/Task4/install/hik_camera_driver/lib/hik_camera_driver/hik_camera_node" to ""
[3.756s] -- Installing: /home/fin/Code/RoboMaster/Task4/install/hik_camera_driver/lib/hik_camera_driver/fps_monitor_node
[3.765s] -- Set runtime path of "/home/fin/Code/RoboMaster/Task4/install/hik_camera_driver/lib/hik_camera_driver/fps_monitor_node" to ""
[3.765s] -- Installing: /home/fin/Code/RoboMaster/Task4/install/hik_camera_driver/lib/hik_camera_driver/param_info_node
[3.767s] -- Set runtime path of "/home/fin/Code/RoboMaster/Task4/install/hik_camera_driver/lib/hik_camera_driver/param_info_node" to ""
[3.767s] -- Installing: /home/fin/Code/RoboMaster/Task4/install/hik_camera_driver/include
[3.767s] -- Installing: /home/fin/Code/RoboMaster/Task4/install/hik_camera_driver/include/hik_camera_driver
[3.767s] -- Installing: /home/fin/Code/RoboMaster/Task4/install/hik_camera_driver/include/hik_camera_driver/hik_camera_driver.hpp
[3.767s] -- Installing: /home/fin/Code/RoboMaster/Task4/install/hik_camera_driver/include/hik_camera_driver/MvObsoleteInterfaces.h
[3.768s] -- Installing: /home/fin/Code/RoboMaster/Task4/install/hik_camera_driver/include/hik_camera_driver/PixelType.h
[3.768s] -- Installing: /home/fin/Code/RoboMaster/Task4/install/hik_camera_driver/include/hik_camera_driver/MvISPErrorDefine.h
[3.768s] -- Installing: /home/fin/Code/RoboMaster/Task4/install/hik_camera_driver/include/hik_camera_driver/MvCameraControl.h
[3.768s] -- Installing: /home/fin/Code/RoboMaster/Task4/install/hik_camera_driver/include/hik_camera_driver/mvs_sdk_wrapper.hpp
[3.768s] -- Installing: /home/fin/Code/RoboMaster/Task4/install/hik_camera_driver/include/hik_camera_driver/ObsoleteCamParams.h
[3.768s] -- Installing: /home/fin/Code/RoboMaster/Task4/install/hik_camera_driver/include/hik_camera_driver/MvErrorDefine.h
[3.768s] -- Installing: /home/fin/Code/RoboMaster/Task4/install/hik_camera_driver/include/hik_camera_driver/CameraParams.h
[3.768s] -- Installing: /home/fin/Code/RoboMaster/Task4/install/hik_camera_driver/share/hik_camera_driver/launch
[3.768s] -- Installing: /home/fin/Code/RoboMaster/Task4/install/hik_camera_driver/share/hik_camera_driver/launch/hik_camera_system.launch.py
[3.768s] -- Installing: /home/fin/Code/RoboMaster/Task4/install/hik_camera_driver/share/hik_camera_driver/config
[3.768s] -- Installing: /home/fin/Code/RoboMaster/Task4/install/hik_camera_driver/share/hik_camera_driver/config/camera_params.yaml
[3.768s] -- Installing: /home/fin/Code/RoboMaster/Task4/install/hik_camera_driver/share/hik_camera_driver/config/camera_display.rviz
[3.768s] -- Installing: /home/fin/Code/RoboMaster/Task4/install/hik_camera_driver/share/ament_index/resource_index/package_run_dependencies/hik_camera_driver
[3.768s] -- Installing: /home/fin/Code/RoboMaster/Task4/install/hik_camera_driver/share/ament_index/resource_index/parent_prefix_path/hik_camera_driver
[3.768s] -- Installing: /home/fin/Code/RoboMaster/Task4/install/hik_camera_driver/share/hik_camera_driver/environment/ament_prefix_path.sh
[3.768s] -- Installing: /home/fin/Code/RoboMaster/Task4/install/hik_camera_driver/share/hik_camera_driver/environment/ament_prefix_path.dsv
[3.768s] -- Installing: /home/fin/Code/RoboMaster/Task4/install/hik_camera_driver/share/hik_camera_driver/environment/path.sh
[3.768s] -- Installing: /home/fin/Code/RoboMaster/Task4/install/hik_camera_driver/share/hik_camera_driver/environment/path.dsv
[3.768s] -- Installing: /home/fin/Code/RoboMaster/Task4/install/hik_camera_driver/share/hik_camera_driver/local_setup.bash
[3.769s] -- Installing: /home/fin/Code/RoboMaster/Task4/install/hik_camera_driver/share/hik_camera_driver/local_setup.sh
[3.769s] -- Installing: /home/fin/Code/RoboMaster/Task4/install/hik_camera_driver/share/hik_camera_driver/local_setup.zsh
[3.769s] -- Installing: /home/fin/Code/RoboMaster/Task4/install/hik_camera_driver/share/hik_camera_driver/local_setup.dsv
[3.769s] -- Installing: /home/fin/Code/RoboMaster/Task4/install/hik_camera_driver/share/hik_camera_driver/package.dsv
[3.769s] -- Installing: /home/fin/Code/RoboMaster/Task4/install/hik_camera_driver/share/ament_index/resource_index/packages/hik_camera_driver
[3.769s] -- Installing: /home/fin/Code/RoboMaster/Task4/install/hik_camera_driver/share/hik_camera_driver/cmake/hik_camera_driverConfig.cmake
[3.769s] -- Installing: /home/fin/Code/RoboMaster/Task4/install/hik_camera_driver/share/hik_camera_driver/cmake/hik_camera_driverConfig-version.cmake
[3.769s] -- Installing: /home/fin/Code/RoboMaster/Task4/install/hik_camera_driver/share/hik_camera_driver/package.xml
[3.770s] Invoked command in '/home/fin/Code/RoboMaster/Task4/build/hik_camera_driver' returned '0': CMAKE_PREFIX_PATH=/opt/ros/humble /usr/bin/cmake --install /home/fin/Code/RoboMaster/Task4/build/hik_camera_driver
