[0.287s] DEBUG:colcon:Command line arguments: ['/usr/bin/colcon', 'build', '--packages-select', 'hik_camera_driver']
[0.287s] DEBUG:colcon:Parsed command line arguments: Namespace(log_base=None, log_level=None, verb_name='build', build_base='build', install_base='install', merge_install=False, symlink_install=False, test_result_base=None, continue_on_error=False, executor='parallel', parallel_workers=24, event_handlers=None, ignore_user_meta=False, metas=['./colcon.meta'], base_paths=['.'], packages_ignore=None, packages_ignore_regex=None, paths=None, packages_up_to=None, packages_up_to_regex=None, packages_above=None, packages_above_and_dependencies=None, packages_above_depth=None, packages_select_by_dep=None, packages_skip_by_dep=None, packages_skip_up_to=None, packages_select_build_failed=False, packages_skip_build_finished=False, packages_select_test_failures=False, packages_skip_test_passed=False, packages_select=['hik_camera_driver'], packages_skip=None, packages_select_regex=None, packages_skip_regex=None, packages_start=None, packages_end=None, allow_overriding=[], cmake_args=None, cmake_target=None, cmake_target_skip_unavailable=False, cmake_clean_cache=False, cmake_clean_first=False, cmake_force_configure=False, ament_cmake_args=None, catkin_cmake_args=None, catkin_skip_building_tests=False, verb_parser=<colcon_defaults.argument_parser.defaults.DefaultArgumentsDecorator object at 0x730551160c40>, verb_extension=<colcon_core.verb.build.BuildVerb object at 0x7305512661a0>, main=<bound method BuildVerb.main of <colcon_core.verb.build.BuildVerb object at 0x7305512661a0>>)
[0.447s] Level 1:colcon.colcon_core.package_discovery:discover_packages(colcon_meta) check parameters
[0.448s] Level 1:colcon.colcon_core.package_discovery:discover_packages(recursive) check parameters
[0.448s] Level 1:colcon.colcon_core.package_discovery:discover_packages(ignore) check parameters
[0.448s] Level 1:colcon.colcon_core.package_discovery:discover_packages(path) check parameters
[0.448s] Level 1:colcon.colcon_core.package_discovery:discover_packages(colcon_meta) discover
[0.448s] Level 1:colcon.colcon_core.package_discovery:discover_packages(recursive) discover
[0.448s] INFO:colcon.colcon_core.package_discovery:Crawling recursively for packages in '/home/fin/Code/RoboMaster/Task4'
[0.448s] Level 1:colcon.colcon_core.package_identification:_identify(.) by extensions ['ignore', 'ignore_ament_install']
[0.448s] Level 1:colcon.colcon_core.package_identification:_identify(.) by extension 'ignore'
[0.448s] Level 1:colcon.colcon_core.package_identification:_identify(.) by extension 'ignore_ament_install'
[0.448s] Level 1:colcon.colcon_core.package_identification:_identify(.) by extensions ['colcon_pkg']
[0.448s] Level 1:colcon.colcon_core.package_identification:_identify(.) by extension 'colcon_pkg'
[0.448s] Level 1:colcon.colcon_core.package_identification:_identify(.) by extensions ['colcon_meta']
[0.448s] Level 1:colcon.colcon_core.package_identification:_identify(.) by extension 'colcon_meta'
[0.448s] Level 1:colcon.colcon_core.package_identification:_identify(.) by extensions ['ros']
[0.448s] Level 1:colcon.colcon_core.package_identification:_identify(.) by extension 'ros'
[0.454s] Level 1:colcon.colcon_core.package_identification:_identify(.) by extensions ['cmake', 'python']
[0.455s] Level 1:colcon.colcon_core.package_identification:_identify(.) by extension 'cmake'
[0.455s] Level 1:colcon.colcon_core.package_identification:_identify(.) by extension 'python'
[0.455s] Level 1:colcon.colcon_core.package_identification:_identify(.) by extensions ['python_setup_py']
[0.455s] Level 1:colcon.colcon_core.package_identification:_identify(.) by extension 'python_setup_py'
[0.455s] Level 1:colcon.colcon_core.package_identification:_identify(build) by extensions ['ignore', 'ignore_ament_install']
[0.455s] Level 1:colcon.colcon_core.package_identification:_identify(build) by extension 'ignore'
[0.455s] Level 1:colcon.colcon_core.package_identification:_identify(build) ignored
[0.455s] Level 1:colcon.colcon_core.package_identification:_identify(hik_camera_driver) by extensions ['ignore', 'ignore_ament_install']
[0.455s] Level 1:colcon.colcon_core.package_identification:_identify(hik_camera_driver) by extension 'ignore'
[0.455s] Level 1:colcon.colcon_core.package_identification:_identify(hik_camera_driver) by extension 'ignore_ament_install'
[0.455s] Level 1:colcon.colcon_core.package_identification:_identify(hik_camera_driver) by extensions ['colcon_pkg']
[0.455s] Level 1:colcon.colcon_core.package_identification:_identify(hik_camera_driver) by extension 'colcon_pkg'
[0.455s] Level 1:colcon.colcon_core.package_identification:_identify(hik_camera_driver) by extensions ['colcon_meta']
[0.455s] Level 1:colcon.colcon_core.package_identification:_identify(hik_camera_driver) by extension 'colcon_meta'
[0.455s] Level 1:colcon.colcon_core.package_identification:_identify(hik_camera_driver) by extensions ['ros']
[0.455s] Level 1:colcon.colcon_core.package_identification:_identify(hik_camera_driver) by extension 'ros'
[0.457s] DEBUG:colcon.colcon_core.package_identification:Package 'hik_camera_driver' with type 'ros.ament_cmake' and name 'hik_camera_driver'
[0.457s] Level 1:colcon.colcon_core.package_identification:_identify(install) by extensions ['ignore', 'ignore_ament_install']
[0.457s] Level 1:colcon.colcon_core.package_identification:_identify(install) by extension 'ignore'
[0.457s] Level 1:colcon.colcon_core.package_identification:_identify(install) ignored
[0.457s] Level 1:colcon.colcon_core.package_identification:_identify(log) by extensions ['ignore', 'ignore_ament_install']
[0.457s] Level 1:colcon.colcon_core.package_identification:_identify(log) by extension 'ignore'
[0.457s] Level 1:colcon.colcon_core.package_identification:_identify(log) ignored
[0.457s] Level 1:colcon.colcon_core.package_discovery:discover_packages(recursive) using defaults
[0.457s] Level 1:colcon.colcon_core.package_discovery:discover_packages(ignore) discover
[0.457s] Level 1:colcon.colcon_core.package_discovery:discover_packages(ignore) using defaults
[0.457s] Level 1:colcon.colcon_core.package_discovery:discover_packages(path) discover
[0.457s] Level 1:colcon.colcon_core.package_discovery:discover_packages(path) using defaults
[0.476s] Level 1:colcon.colcon_core.package_discovery:discover_packages(prefix_path) check parameters
[0.476s] Level 1:colcon.colcon_core.package_discovery:discover_packages(prefix_path) discover
[0.477s] DEBUG:colcon.colcon_installed_package_information.package_discovery:Found 279 installed packages in /opt/ros/humble
[0.478s] Level 1:colcon.colcon_core.package_discovery:discover_packages(prefix_path) using defaults
[0.494s] Level 5:colcon.colcon_core.verb:set package 'hik_camera_driver' build argument 'cmake_args' from command line to 'None'
[0.494s] Level 5:colcon.colcon_core.verb:set package 'hik_camera_driver' build argument 'cmake_target' from command line to 'None'
[0.494s] Level 5:colcon.colcon_core.verb:set package 'hik_camera_driver' build argument 'cmake_target_skip_unavailable' from command line to 'False'
[0.494s] Level 5:colcon.colcon_core.verb:set package 'hik_camera_driver' build argument 'cmake_clean_cache' from command line to 'False'
[0.494s] Level 5:colcon.colcon_core.verb:set package 'hik_camera_driver' build argument 'cmake_clean_first' from command line to 'False'
[0.494s] Level 5:colcon.colcon_core.verb:set package 'hik_camera_driver' build argument 'cmake_force_configure' from command line to 'False'
[0.494s] Level 5:colcon.colcon_core.verb:set package 'hik_camera_driver' build argument 'ament_cmake_args' from command line to 'None'
[0.494s] Level 5:colcon.colcon_core.verb:set package 'hik_camera_driver' build argument 'catkin_cmake_args' from command line to 'None'
[0.494s] Level 5:colcon.colcon_core.verb:set package 'hik_camera_driver' build argument 'catkin_skip_building_tests' from command line to 'False'
[0.495s] DEBUG:colcon.colcon_core.verb:Building package 'hik_camera_driver' with the following arguments: {'ament_cmake_args': None, 'build_base': '/home/fin/Code/RoboMaster/Task4/build/hik_camera_driver', 'catkin_cmake_args': None, 'catkin_skip_building_tests': False, 'cmake_args': None, 'cmake_clean_cache': False, 'cmake_clean_first': False, 'cmake_force_configure': False, 'cmake_target': None, 'cmake_target_skip_unavailable': False, 'install_base': '/home/fin/Code/RoboMaster/Task4/install/hik_camera_driver', 'merge_install': False, 'path': '/home/fin/Code/RoboMaster/Task4/hik_camera_driver', 'symlink_install': False, 'test_result_base': None}
[0.495s] INFO:colcon.colcon_core.executor:Executing jobs using 'parallel' executor
[0.495s] DEBUG:colcon.colcon_parallel_executor.executor.parallel:run_until_complete
[0.496s] INFO:colcon.colcon_ros.task.ament_cmake.build:Building ROS package in '/home/fin/Code/RoboMaster/Task4/hik_camera_driver' with build type 'ament_cmake'
[0.496s] INFO:colcon.colcon_cmake.task.cmake.build:Building CMake package in '/home/fin/Code/RoboMaster/Task4/hik_camera_driver'
[0.498s] INFO:colcon.colcon_core.plugin_system:Skipping extension 'colcon_core.shell.bat': Not used on non-Windows systems
[0.498s] INFO:colcon.colcon_core.shell:Skip shell extension 'powershell' for command environment: Not usable outside of PowerShell
[0.498s] DEBUG:colcon.colcon_core.shell:Skip shell extension 'dsv' for command environment
[0.503s] DEBUG:colcon.colcon_core.event_handler.log_command:Invoking command in '/home/fin/Code/RoboMaster/Task4/build/hik_camera_driver': CMAKE_PREFIX_PATH=/opt/ros/humble /usr/bin/cmake /home/fin/Code/RoboMaster/Task4/hik_camera_driver -DCMAKE_INSTALL_PREFIX=/home/fin/Code/RoboMaster/Task4/install/hik_camera_driver
[0.874s] DEBUG:colcon.colcon_core.event_handler.log_command:Invoked command in '/home/fin/Code/RoboMaster/Task4/build/hik_camera_driver' returned '0': CMAKE_PREFIX_PATH=/opt/ros/humble /usr/bin/cmake /home/fin/Code/RoboMaster/Task4/hik_camera_driver -DCMAKE_INSTALL_PREFIX=/home/fin/Code/RoboMaster/Task4/install/hik_camera_driver
[0.875s] DEBUG:colcon.colcon_core.event_handler.log_command:Invoking command in '/home/fin/Code/RoboMaster/Task4/build/hik_camera_driver': CMAKE_PREFIX_PATH=/opt/ros/humble /usr/bin/cmake --build /home/fin/Code/RoboMaster/Task4/build/hik_camera_driver -- -j24 -l24
[4.848s] DEBUG:colcon.colcon_core.event_handler.log_command:Invoked command in '/home/fin/Code/RoboMaster/Task4/build/hik_camera_driver' returned '0': CMAKE_PREFIX_PATH=/opt/ros/humble /usr/bin/cmake --build /home/fin/Code/RoboMaster/Task4/build/hik_camera_driver -- -j24 -l24
[4.854s] DEBUG:colcon.colcon_core.event_handler.log_command:Invoking command in '/home/fin/Code/RoboMaster/Task4/build/hik_camera_driver': CMAKE_PREFIX_PATH=/opt/ros/humble /usr/bin/cmake --install /home/fin/Code/RoboMaster/Task4/build/hik_camera_driver
[4.863s] Level 1:colcon.colcon_core.environment:create_environment_scripts_only(hik_camera_driver)
[4.863s] DEBUG:colcon.colcon_core.event_handler.log_command:Invoked command in '/home/fin/Code/RoboMaster/Task4/build/hik_camera_driver' returned '0': CMAKE_PREFIX_PATH=/opt/ros/humble /usr/bin/cmake --install /home/fin/Code/RoboMaster/Task4/build/hik_camera_driver
[4.866s] Level 1:colcon.colcon_core.environment:checking '/home/fin/Code/RoboMaster/Task4/install/hik_camera_driver' for CMake module files
[4.866s] Level 1:colcon.colcon_core.environment:checking '/home/fin/Code/RoboMaster/Task4/install/hik_camera_driver' for CMake config files
[4.866s] Level 1:colcon.colcon_core.shell:create_environment_hook('hik_camera_driver', 'cmake_prefix_path')
[4.867s] INFO:colcon.colcon_core.shell:Creating environment hook '/home/fin/Code/RoboMaster/Task4/install/hik_camera_driver/share/hik_camera_driver/hook/cmake_prefix_path.ps1'
[4.867s] INFO:colcon.colcon_core.shell:Creating environment descriptor '/home/fin/Code/RoboMaster/Task4/install/hik_camera_driver/share/hik_camera_driver/hook/cmake_prefix_path.dsv'
[4.867s] INFO:colcon.colcon_core.shell:Creating environment hook '/home/fin/Code/RoboMaster/Task4/install/hik_camera_driver/share/hik_camera_driver/hook/cmake_prefix_path.sh'
[4.868s] Level 1:colcon.colcon_core.environment:checking '/home/fin/Code/RoboMaster/Task4/install/hik_camera_driver/lib'
[4.868s] Level 1:colcon.colcon_core.environment:checking '/home/fin/Code/RoboMaster/Task4/install/hik_camera_driver/bin'
[4.868s] Level 1:colcon.colcon_core.environment:checking '/home/fin/Code/RoboMaster/Task4/install/hik_camera_driver/lib/pkgconfig/hik_camera_driver.pc'
[4.868s] Level 1:colcon.colcon_core.environment:checking '/home/fin/Code/RoboMaster/Task4/install/hik_camera_driver/lib/python3.10/site-packages'
[4.868s] Level 1:colcon.colcon_core.environment:checking '/home/fin/Code/RoboMaster/Task4/install/hik_camera_driver/bin'
[4.868s] INFO:colcon.colcon_core.shell:Creating package script '/home/fin/Code/RoboMaster/Task4/install/hik_camera_driver/share/hik_camera_driver/package.ps1'
[4.869s] INFO:colcon.colcon_core.shell:Creating package descriptor '/home/fin/Code/RoboMaster/Task4/install/hik_camera_driver/share/hik_camera_driver/package.dsv'
[4.869s] INFO:colcon.colcon_core.shell:Creating package script '/home/fin/Code/RoboMaster/Task4/install/hik_camera_driver/share/hik_camera_driver/package.sh'
[4.869s] INFO:colcon.colcon_core.shell:Creating package script '/home/fin/Code/RoboMaster/Task4/install/hik_camera_driver/share/hik_camera_driver/package.bash'
[4.870s] INFO:colcon.colcon_core.shell:Creating package script '/home/fin/Code/RoboMaster/Task4/install/hik_camera_driver/share/hik_camera_driver/package.zsh'
[4.870s] Level 1:colcon.colcon_core.environment:create_file_with_runtime_dependencies(/home/fin/Code/RoboMaster/Task4/install/hik_camera_driver/share/colcon-core/packages/hik_camera_driver)
[4.871s] Level 1:colcon.colcon_core.environment:create_environment_scripts_only(hik_camera_driver)
[4.871s] Level 1:colcon.colcon_core.environment:checking '/home/fin/Code/RoboMaster/Task4/install/hik_camera_driver' for CMake module files
[4.871s] Level 1:colcon.colcon_core.environment:checking '/home/fin/Code/RoboMaster/Task4/install/hik_camera_driver' for CMake config files
[4.871s] Level 1:colcon.colcon_core.shell:create_environment_hook('hik_camera_driver', 'cmake_prefix_path')
[4.871s] INFO:colcon.colcon_core.shell:Creating environment hook '/home/fin/Code/RoboMaster/Task4/install/hik_camera_driver/share/hik_camera_driver/hook/cmake_prefix_path.ps1'
[4.871s] INFO:colcon.colcon_core.shell:Creating environment descriptor '/home/fin/Code/RoboMaster/Task4/install/hik_camera_driver/share/hik_camera_driver/hook/cmake_prefix_path.dsv'
[4.871s] INFO:colcon.colcon_core.shell:Creating environment hook '/home/fin/Code/RoboMaster/Task4/install/hik_camera_driver/share/hik_camera_driver/hook/cmake_prefix_path.sh'
[4.872s] Level 1:colcon.colcon_core.environment:checking '/home/fin/Code/RoboMaster/Task4/install/hik_camera_driver/lib'
[4.872s] Level 1:colcon.colcon_core.environment:checking '/home/fin/Code/RoboMaster/Task4/install/hik_camera_driver/bin'
[4.872s] Level 1:colcon.colcon_core.environment:checking '/home/fin/Code/RoboMaster/Task4/install/hik_camera_driver/lib/pkgconfig/hik_camera_driver.pc'
[4.872s] Level 1:colcon.colcon_core.environment:checking '/home/fin/Code/RoboMaster/Task4/install/hik_camera_driver/lib/python3.10/site-packages'
[4.872s] Level 1:colcon.colcon_core.environment:checking '/home/fin/Code/RoboMaster/Task4/install/hik_camera_driver/bin'
[4.872s] INFO:colcon.colcon_core.shell:Creating package script '/home/fin/Code/RoboMaster/Task4/install/hik_camera_driver/share/hik_camera_driver/package.ps1'
[4.872s] INFO:colcon.colcon_core.shell:Creating package descriptor '/home/fin/Code/RoboMaster/Task4/install/hik_camera_driver/share/hik_camera_driver/package.dsv'
[4.872s] INFO:colcon.colcon_core.shell:Creating package script '/home/fin/Code/RoboMaster/Task4/install/hik_camera_driver/share/hik_camera_driver/package.sh'
[4.873s] INFO:colcon.colcon_core.shell:Creating package script '/home/fin/Code/RoboMaster/Task4/install/hik_camera_driver/share/hik_camera_driver/package.bash'
[4.873s] INFO:colcon.colcon_core.shell:Creating package script '/home/fin/Code/RoboMaster/Task4/install/hik_camera_driver/share/hik_camera_driver/package.zsh'
[4.873s] Level 1:colcon.colcon_core.environment:create_file_with_runtime_dependencies(/home/fin/Code/RoboMaster/Task4/install/hik_camera_driver/share/colcon-core/packages/hik_camera_driver)
[4.873s] DEBUG:colcon.colcon_parallel_executor.executor.parallel:closing loop
[4.873s] DEBUG:colcon.colcon_parallel_executor.executor.parallel:loop closed
[4.873s] DEBUG:colcon.colcon_parallel_executor.executor.parallel:run_until_complete finished with '0'
[4.873s] DEBUG:colcon.colcon_core.event_reactor:joining thread
[4.876s] INFO:colcon.colcon_core.plugin_system:Skipping extension 'colcon_notification.desktop_notification.terminal_notifier': Not used on non-Darwin systems
[4.876s] INFO:colcon.colcon_core.plugin_system:Skipping extension 'colcon_notification.desktop_notification.win32': Not used on non-Windows systems
[4.876s] INFO:colcon.colcon_notification.desktop_notification:Sending desktop notification using 'notify2'
[4.897s] DEBUG:colcon.colcon_core.event_reactor:joined thread
[4.897s] INFO:colcon.colcon_core.shell:Creating prefix script '/home/fin/Code/RoboMaster/Task4/install/local_setup.ps1'
[4.898s] INFO:colcon.colcon_core.shell:Creating prefix util module '/home/fin/Code/RoboMaster/Task4/install/_local_setup_util_ps1.py'
[4.899s] INFO:colcon.colcon_core.shell:Creating prefix chain script '/home/fin/Code/RoboMaster/Task4/install/setup.ps1'
[4.900s] INFO:colcon.colcon_core.shell:Creating prefix script '/home/fin/Code/RoboMaster/Task4/install/local_setup.sh'
[4.901s] INFO:colcon.colcon_core.shell:Creating prefix util module '/home/fin/Code/RoboMaster/Task4/install/_local_setup_util_sh.py'
[4.901s] INFO:colcon.colcon_core.shell:Creating prefix chain script '/home/fin/Code/RoboMaster/Task4/install/setup.sh'
[4.902s] INFO:colcon.colcon_core.shell:Creating prefix script '/home/fin/Code/RoboMaster/Task4/install/local_setup.bash'
[4.902s] INFO:colcon.colcon_core.shell:Creating prefix chain script '/home/fin/Code/RoboMaster/Task4/install/setup.bash'
[4.902s] INFO:colcon.colcon_core.shell:Creating prefix script '/home/fin/Code/RoboMaster/Task4/install/local_setup.zsh'
[4.903s] INFO:colcon.colcon_core.shell:Creating prefix chain script '/home/fin/Code/RoboMaster/Task4/install/setup.zsh'
