In file included from /opt/ros/humble/include/rclcpp/rclcpp/logging.hpp:24,
                 from /opt/ros/humble/include/rclcpp/rclcpp/client.hpp:40,
                 from /opt/ros/humble/include/rclcpp/rclcpp/callback_group.hpp:24,
                 from /opt/ros/humble/include/rclcpp/rclcpp/any_executable.hpp:20,
                 from /opt/ros/humble/include/rclcpp/rclcpp/memory_strategy.hpp:25,
                 from /opt/ros/humble/include/rclcpp/rclcpp/memory_strategies.hpp:18,
                 from /opt/ros/humble/include/rclcpp/rclcpp/executor_options.hpp:20,
                 from /opt/ros/humble/include/rclcpp/rclcpp/executor.hpp:37,
                 from /opt/ros/humble/include/rclcpp/rclcpp/executors/multi_threaded_executor.hpp:25,
                 from /opt/ros/humble/include/rclcpp/rclcpp/executors.hpp:21,
                 from /opt/ros/humble/include/rclcpp/rclcpp/rclcpp.hpp:155,
                 from /home/fin/Code/RoboMaster/Task4/hik_camera_driver/include/hik_camera_driver/hik_camera_driver.hpp:10,
                 from /home/fin/Code/RoboMaster/Task4/hik_camera_driver/src/hik_camera_node.cpp:1:
/home/fin/Code/RoboMaster/Task4/hik_camera_driver/src/hik_camera_node.cpp: In member function ‘void hik_camera_driver::HikCameraDriver::cameraCaptureThread()’:
/home/fin/Code/RoboMaster/Task4/hik_camera_driver/src/hik_camera_node.cpp:348:61: warning: format ‘%d’ expects argument of type ‘int’, but argument 5 has type ‘long int’ [-Wformat=]
  348 |                             RCLCPP_WARN(this->get_logger(), "不支持的像素格式: %d", info.enPixelType);
      |                                                             ^~~~~~~~~~~~~~~~~~~~~~  ~~~~~~~~~~~~~~~~
      |                                                                                          |
      |                                                                                          long int
/home/fin/Code/RoboMaster/Task4/hik_camera_driver/src/hik_camera_node.cpp:348:81: note: format string is defined here
  348 |                             RCLCPP_WARN(this->get_logger(), "不支持的像素格式: %d", info.enPixelType);
      |                                                                                ~^
      |                                                                                 |
      |                                                                                 int
      |                                                                                %ld
/usr/bin/ld: warning: libopencv_imgcodecs.so.4.5d, needed by /opt/ros/humble/lib/libcv_bridge.so, may conflict with libopencv_imgcodecs.so.413
/usr/bin/ld: warning: libopencv_imgproc.so.4.5d, needed by /opt/ros/humble/lib/libcv_bridge.so, may conflict with libopencv_imgproc.so.413
/usr/bin/ld: warning: libopencv_core.so.4.5d, needed by /opt/ros/humble/lib/libcv_bridge.so, may conflict with libopencv_core.so.413
