[0.007s] Invoking command in '/home/fin/Code/RoboMaster/Task4/hik_camera_driver/build/hik_camera_driver': CMAKE_PREFIX_PATH=${CMAKE_PREFIX_PATH}:/opt/ros/humble /usr/bin/cmake /home/fin/Code/RoboMaster/Task4/hik_camera_driver -DCMAKE_INSTALL_PREFIX=/home/fin/Code/RoboMaster/Task4/hik_camera_driver/install/hik_camera_driver
[0.014s] -- Found ament_cmake: 1.3.12 (/opt/ros/humble/share/ament_cmake/cmake)
[0.099s] -- Found rclcpp: 16.0.15 (/opt/ros/humble/share/rclcpp/cmake)
[0.113s] -- Found rosidl_generator_c: 3.1.7 (/opt/ros/humble/share/rosidl_generator_c/cmake)
[0.114s] -- Found rosidl_adapter: 3.1.7 (/opt/ros/humble/share/rosidl_adapter/cmake)
[0.117s] -- Found rosidl_generator_cpp: 3.1.7 (/opt/ros/humble/share/rosidl_generator_cpp/cmake)
[0.122s] -- Using all available rosidl_typesupport_c: rosidl_typesupport_fastrtps_c;rosidl_typesupport_introspection_c
[0.128s] -- Using all available rosidl_typesupport_cpp: rosidl_typesupport_fastrtps_cpp;rosidl_typesupport_introspection_cpp
[0.144s] -- Found rmw_implementation_cmake: 6.1.2 (/opt/ros/humble/share/rmw_implementation_cmake/cmake)
[0.144s] -- Found rmw_fastrtps_cpp: 6.2.8 (/opt/ros/humble/share/rmw_fastrtps_cpp/cmake)
[0.213s] -- Using RMW implementation 'rmw_fastrtps_cpp' as default
[0.243s] -- Found sensor_msgs: 4.9.0 (/opt/ros/humble/share/sensor_msgs/cmake)
[0.257s] -- Found cv_bridge: 3.2.1 (/opt/ros/humble/share/cv_bridge/cmake)
[0.259s] -- Found image_transport: 3.1.12 (/opt/ros/humble/share/image_transport/cmake)
[0.270s] -- MVS SDK directory: /opt/MVS
[0.270s] -- MVS library directory: /opt/MVS/lib/64
[0.272s] -- Linking MVS SDK libraries
[0.272s] -- Found ament_lint_auto: 0.12.14 (/opt/ros/humble/share/ament_lint_auto/cmake)
[0.307s] -- Added test 'copyright' to check source files copyright and LICENSE
[0.312s] -- Added test 'cppcheck' to perform static code analysis on C / C++ code
[0.312s] -- Configured cppcheck include dirs: /home/fin/Code/RoboMaster/Task4/hik_camera_driver/include
[0.312s] -- Configured cppcheck exclude dirs and/or files: 
[0.317s] -- Added test 'cpplint' to check C / C++ code against the Google style
[0.318s] -- Configured cpplint exclude dirs and/or files: 
[0.318s] -- Added test 'flake8' to check Python code syntax and style conventions
[0.320s] -- Added test 'lint_cmake' to check CMake code style
[0.320s] -- Added test 'pep257' to check Python code against some of the docstring style conventions in PEP 257
[0.326s] -- Added test 'uncrustify' to check C / C++ code style
[0.326s] -- Configured uncrustify additional arguments: 
[0.326s] -- Added test 'xmllint' to check XML markup files
[0.327s] -- Configuring done
[0.335s] -- Generating done
[0.339s] -- Build files have been written to: /home/fin/Code/RoboMaster/Task4/hik_camera_driver/build/hik_camera_driver
[0.345s] Invoked command in '/home/fin/Code/RoboMaster/Task4/hik_camera_driver/build/hik_camera_driver' returned '0': CMAKE_PREFIX_PATH=${CMAKE_PREFIX_PATH}:/opt/ros/humble /usr/bin/cmake /home/fin/Code/RoboMaster/Task4/hik_camera_driver -DCMAKE_INSTALL_PREFIX=/home/fin/Code/RoboMaster/Task4/hik_camera_driver/install/hik_camera_driver
[0.345s] Invoking command in '/home/fin/Code/RoboMaster/Task4/hik_camera_driver/build/hik_camera_driver': CMAKE_PREFIX_PATH=${CMAKE_PREFIX_PATH}:/opt/ros/humble /usr/bin/cmake --build /home/fin/Code/RoboMaster/Task4/hik_camera_driver/build/hik_camera_driver -- -j24 -l24
[0.377s] [35m[1mConsolidate compiler generated dependencies of target param_info_node[0m
[0.379s] [35m[1mConsolidate compiler generated dependencies of target fps_monitor_node[0m
[0.381s] [35m[1mConsolidate compiler generated dependencies of target hik_camera_node[0m
[0.394s] [ 57%] Built target param_info_node
[0.394s] [ 57%] Built target fps_monitor_node
[0.396s] [100%] Built target hik_camera_node
[0.405s] Invoked command in '/home/fin/Code/RoboMaster/Task4/hik_camera_driver/build/hik_camera_driver' returned '0': CMAKE_PREFIX_PATH=${CMAKE_PREFIX_PATH}:/opt/ros/humble /usr/bin/cmake --build /home/fin/Code/RoboMaster/Task4/hik_camera_driver/build/hik_camera_driver -- -j24 -l24
[0.410s] Invoking command in '/home/fin/Code/RoboMaster/Task4/hik_camera_driver/build/hik_camera_driver': CMAKE_PREFIX_PATH=${CMAKE_PREFIX_PATH}:/opt/ros/humble /usr/bin/cmake --install /home/fin/Code/RoboMaster/Task4/hik_camera_driver/build/hik_camera_driver
[0.415s] -- Install configuration: "RelWithDebInfo"
[0.415s] -- Up-to-date: /home/fin/Code/RoboMaster/Task4/hik_camera_driver/install/hik_camera_driver/lib/hik_camera_driver/hik_camera_node
[0.415s] -- Up-to-date: /home/fin/Code/RoboMaster/Task4/hik_camera_driver/install/hik_camera_driver/lib/hik_camera_driver/fps_monitor_node
[0.415s] -- Up-to-date: /home/fin/Code/RoboMaster/Task4/hik_camera_driver/install/hik_camera_driver/lib/hik_camera_driver/param_info_node
[0.415s] -- Up-to-date: /home/fin/Code/RoboMaster/Task4/hik_camera_driver/install/hik_camera_driver/include
[0.415s] -- Up-to-date: /home/fin/Code/RoboMaster/Task4/hik_camera_driver/install/hik_camera_driver/include/hik_camera_driver
[0.415s] -- Up-to-date: /home/fin/Code/RoboMaster/Task4/hik_camera_driver/install/hik_camera_driver/include/hik_camera_driver/hik_camera_driver.hpp
[0.415s] -- Up-to-date: /home/fin/Code/RoboMaster/Task4/hik_camera_driver/install/hik_camera_driver/include/hik_camera_driver/MvObsoleteInterfaces.h
[0.415s] -- Up-to-date: /home/fin/Code/RoboMaster/Task4/hik_camera_driver/install/hik_camera_driver/include/hik_camera_driver/PixelType.h
[0.415s] -- Up-to-date: /home/fin/Code/RoboMaster/Task4/hik_camera_driver/install/hik_camera_driver/include/hik_camera_driver/MvISPErrorDefine.h
[0.415s] -- Up-to-date: /home/fin/Code/RoboMaster/Task4/hik_camera_driver/install/hik_camera_driver/include/hik_camera_driver/MvCameraControl.h
[0.415s] -- Up-to-date: /home/fin/Code/RoboMaster/Task4/hik_camera_driver/install/hik_camera_driver/include/hik_camera_driver/mvs_sdk_wrapper.hpp
[0.415s] -- Up-to-date: /home/fin/Code/RoboMaster/Task4/hik_camera_driver/install/hik_camera_driver/include/hik_camera_driver/ObsoleteCamParams.h
[0.415s] -- Up-to-date: /home/fin/Code/RoboMaster/Task4/hik_camera_driver/install/hik_camera_driver/include/hik_camera_driver/MvErrorDefine.h
[0.415s] -- Up-to-date: /home/fin/Code/RoboMaster/Task4/hik_camera_driver/install/hik_camera_driver/include/hik_camera_driver/CameraParams.h
[0.415s] -- Up-to-date: /home/fin/Code/RoboMaster/Task4/hik_camera_driver/install/hik_camera_driver/share/hik_camera_driver/launch
[0.416s] -- Up-to-date: /home/fin/Code/RoboMaster/Task4/hik_camera_driver/install/hik_camera_driver/share/hik_camera_driver/launch/hik_camera_system.launch.py
[0.416s] -- Up-to-date: /home/fin/Code/RoboMaster/Task4/hik_camera_driver/install/hik_camera_driver/share/hik_camera_driver/config
[0.416s] -- Up-to-date: /home/fin/Code/RoboMaster/Task4/hik_camera_driver/install/hik_camera_driver/share/hik_camera_driver/config/camera_params.yaml
[0.416s] -- Up-to-date: /home/fin/Code/RoboMaster/Task4/hik_camera_driver/install/hik_camera_driver/share/hik_camera_driver/config/camera_display.rviz
[0.416s] -- Up-to-date: /home/fin/Code/RoboMaster/Task4/hik_camera_driver/install/hik_camera_driver/share/ament_index/resource_index/package_run_dependencies/hik_camera_driver
[0.416s] -- Installing: /home/fin/Code/RoboMaster/Task4/hik_camera_driver/install/hik_camera_driver/share/ament_index/resource_index/parent_prefix_path/hik_camera_driver
[0.416s] -- Up-to-date: /home/fin/Code/RoboMaster/Task4/hik_camera_driver/install/hik_camera_driver/share/hik_camera_driver/environment/ament_prefix_path.sh
[0.416s] -- Installing: /home/fin/Code/RoboMaster/Task4/hik_camera_driver/install/hik_camera_driver/share/hik_camera_driver/environment/ament_prefix_path.dsv
[0.416s] -- Up-to-date: /home/fin/Code/RoboMaster/Task4/hik_camera_driver/install/hik_camera_driver/share/hik_camera_driver/environment/path.sh
[0.416s] -- Installing: /home/fin/Code/RoboMaster/Task4/hik_camera_driver/install/hik_camera_driver/share/hik_camera_driver/environment/path.dsv
[0.416s] -- Up-to-date: /home/fin/Code/RoboMaster/Task4/hik_camera_driver/install/hik_camera_driver/share/hik_camera_driver/local_setup.bash
[0.416s] -- Up-to-date: /home/fin/Code/RoboMaster/Task4/hik_camera_driver/install/hik_camera_driver/share/hik_camera_driver/local_setup.sh
[0.416s] -- Up-to-date: /home/fin/Code/RoboMaster/Task4/hik_camera_driver/install/hik_camera_driver/share/hik_camera_driver/local_setup.zsh
[0.416s] -- Installing: /home/fin/Code/RoboMaster/Task4/hik_camera_driver/install/hik_camera_driver/share/hik_camera_driver/local_setup.dsv
[0.416s] -- Installing: /home/fin/Code/RoboMaster/Task4/hik_camera_driver/install/hik_camera_driver/share/hik_camera_driver/package.dsv
[0.416s] -- Up-to-date: /home/fin/Code/RoboMaster/Task4/hik_camera_driver/install/hik_camera_driver/share/ament_index/resource_index/packages/hik_camera_driver
[0.416s] -- Up-to-date: /home/fin/Code/RoboMaster/Task4/hik_camera_driver/install/hik_camera_driver/share/hik_camera_driver/cmake/hik_camera_driverConfig.cmake
[0.416s] -- Up-to-date: /home/fin/Code/RoboMaster/Task4/hik_camera_driver/install/hik_camera_driver/share/hik_camera_driver/cmake/hik_camera_driverConfig-version.cmake
[0.416s] -- Up-to-date: /home/fin/Code/RoboMaster/Task4/hik_camera_driver/install/hik_camera_driver/share/hik_camera_driver/package.xml
[0.417s] Invoked command in '/home/fin/Code/RoboMaster/Task4/hik_camera_driver/build/hik_camera_driver' returned '0': CMAKE_PREFIX_PATH=${CMAKE_PREFIX_PATH}:/opt/ros/humble /usr/bin/cmake --install /home/fin/Code/RoboMaster/Task4/hik_camera_driver/build/hik_camera_driver
