[0.006s] Invoking command in '/home/fin/Code/RoboMaster/Task4/hik_camera_driver/build/hik_camera_driver': CMAKE_PREFIX_PATH=/opt/ros/humble /usr/bin/cmake /home/fin/Code/RoboMaster/Task4/hik_camera_driver -DCMAKE_BUILD_TYPE=RelWithDebInfo -DCMAKE_INSTALL_PREFIX=/home/fin/Code/RoboMaster/Task4/hik_camera_driver/install/hik_camera_driver
[0.012s] -- Found ament_cmake: 1.3.12 (/opt/ros/humble/share/ament_cmake/cmake)
[0.085s] -- Found rclcpp: 16.0.15 (/opt/ros/humble/share/rclcpp/cmake)
[0.100s] -- Found rosidl_generator_c: 3.1.7 (/opt/ros/humble/share/rosidl_generator_c/cmake)
[0.101s] -- Found rosidl_adapter: 3.1.7 (/opt/ros/humble/share/rosidl_adapter/cmake)
[0.104s] -- Found rosidl_generator_cpp: 3.1.7 (/opt/ros/humble/share/rosidl_generator_cpp/cmake)
[0.109s] -- Using all available rosidl_typesupport_c: rosidl_typesupport_fastrtps_c;rosidl_typesupport_introspection_c
[0.116s] -- Using all available rosidl_typesupport_cpp: rosidl_typesupport_fastrtps_cpp;rosidl_typesupport_introspection_cpp
[0.133s] -- Found rmw_implementation_cmake: 6.1.2 (/opt/ros/humble/share/rmw_implementation_cmake/cmake)
[0.134s] -- Found rmw_fastrtps_cpp: 6.2.8 (/opt/ros/humble/share/rmw_fastrtps_cpp/cmake)
[0.196s] -- Using RMW implementation 'rmw_fastrtps_cpp' as default
[0.221s] -- Found sensor_msgs: 4.9.0 (/opt/ros/humble/share/sensor_msgs/cmake)
[0.235s] -- Found cv_bridge: 3.2.1 (/opt/ros/humble/share/cv_bridge/cmake)
[0.238s] -- Found image_transport: 3.1.12 (/opt/ros/humble/share/image_transport/cmake)
[0.249s] -- MVS SDK directory: /opt/MVS
[0.249s] -- MVS library directory: /opt/MVS/lib/64
[0.251s] -- Linking MVS SDK libraries
[0.251s] -- Found ament_lint_auto: 0.12.14 (/opt/ros/humble/share/ament_lint_auto/cmake)
[0.286s] -- Added test 'copyright' to check source files copyright and LICENSE
[0.291s] -- Added test 'cppcheck' to perform static code analysis on C / C++ code
[0.291s] -- Configured cppcheck include dirs: /home/fin/Code/RoboMaster/Task4/hik_camera_driver/include
[0.291s] -- Configured cppcheck exclude dirs and/or files: 
[0.296s] -- Added test 'cpplint' to check C / C++ code against the Google style
[0.296s] -- Configured cpplint exclude dirs and/or files: 
[0.297s] -- Added test 'flake8' to check Python code syntax and style conventions
[0.298s] -- Added test 'lint_cmake' to check CMake code style
[0.299s] -- Added test 'pep257' to check Python code against some of the docstring style conventions in PEP 257
[0.304s] -- Added test 'uncrustify' to check C / C++ code style
[0.304s] -- Configured uncrustify additional arguments: 
[0.305s] -- Added test 'xmllint' to check XML markup files
[0.305s] -- Configuring done
[0.314s] -- Generating done
[0.318s] -- Build files have been written to: /home/fin/Code/RoboMaster/Task4/hik_camera_driver/build/hik_camera_driver
[0.322s] Invoked command in '/home/fin/Code/RoboMaster/Task4/hik_camera_driver/build/hik_camera_driver' returned '0': CMAKE_PREFIX_PATH=/opt/ros/humble /usr/bin/cmake /home/fin/Code/RoboMaster/Task4/hik_camera_driver -DCMAKE_BUILD_TYPE=RelWithDebInfo -DCMAKE_INSTALL_PREFIX=/home/fin/Code/RoboMaster/Task4/hik_camera_driver/install/hik_camera_driver
[0.323s] Invoking command in '/home/fin/Code/RoboMaster/Task4/hik_camera_driver/build/hik_camera_driver': CMAKE_PREFIX_PATH=/opt/ros/humble /usr/bin/cmake --build /home/fin/Code/RoboMaster/Task4/hik_camera_driver/build/hik_camera_driver -- -j24 -l24
[0.354s] Consolidate compiler generated dependencies of target param_info_node
[0.354s] Consolidate compiler generated dependencies of target fps_monitor_node
[0.356s] Consolidate compiler generated dependencies of target hik_camera_node
[0.366s] [ 14%] Building CXX object CMakeFiles/param_info_node.dir/src/param_info_node.cpp.o
[0.366s] [ 28%] Building CXX object CMakeFiles/fps_monitor_node.dir/src/fps_monitor_node.cpp.o
[0.366s] [ 42%] Building CXX object CMakeFiles/hik_camera_node.dir/src/mvs_sdk_wrapper.cpp.o
[0.367s] [ 57%] Building CXX object CMakeFiles/hik_camera_node.dir/src/hik_camera_node.cpp.o
[4.106s] [ 71%] Linking CXX executable hik_camera_node
[4.162s] /usr/bin/ld: warning: libopencv_imgcodecs.so.4.5d, needed by /opt/ros/humble/lib/libcv_bridge.so, may conflict with libopencv_imgcodecs.so.413
[4.162s] /usr/bin/ld: warning: libopencv_imgproc.so.4.5d, needed by /opt/ros/humble/lib/libcv_bridge.so, may conflict with libopencv_imgproc.so.413
[4.162s] /usr/bin/ld: warning: libopencv_core.so.4.5d, needed by /opt/ros/humble/lib/libcv_bridge.so, may conflict with libopencv_core.so.413
[4.263s] [ 85%] Linking CXX executable param_info_node
[4.340s] [ 85%] Built target hik_camera_node
[4.351s] [ 85%] Built target param_info_node
[8.616s] [100%] Linking CXX executable fps_monitor_node
[8.765s] [100%] Built target fps_monitor_node
[8.772s] Invoked command in '/home/fin/Code/RoboMaster/Task4/hik_camera_driver/build/hik_camera_driver' returned '0': CMAKE_PREFIX_PATH=/opt/ros/humble /usr/bin/cmake --build /home/fin/Code/RoboMaster/Task4/hik_camera_driver/build/hik_camera_driver -- -j24 -l24
[8.778s] Invoking command in '/home/fin/Code/RoboMaster/Task4/hik_camera_driver/build/hik_camera_driver': CMAKE_PREFIX_PATH=/opt/ros/humble /usr/bin/cmake --install /home/fin/Code/RoboMaster/Task4/hik_camera_driver/build/hik_camera_driver
[8.782s] -- Install configuration: "RelWithDebInfo"
[8.782s] -- Installing: /home/fin/Code/RoboMaster/Task4/hik_camera_driver/install/hik_camera_driver/lib/hik_camera_driver/hik_camera_node
[8.784s] -- Set runtime path of "/home/fin/Code/RoboMaster/Task4/hik_camera_driver/install/hik_camera_driver/lib/hik_camera_driver/hik_camera_node" to ""
[8.784s] -- Installing: /home/fin/Code/RoboMaster/Task4/hik_camera_driver/install/hik_camera_driver/lib/hik_camera_driver/fps_monitor_node
[8.791s] -- Set runtime path of "/home/fin/Code/RoboMaster/Task4/hik_camera_driver/install/hik_camera_driver/lib/hik_camera_driver/fps_monitor_node" to ""
[8.791s] -- Installing: /home/fin/Code/RoboMaster/Task4/hik_camera_driver/install/hik_camera_driver/lib/hik_camera_driver/param_info_node
[8.793s] -- Set runtime path of "/home/fin/Code/RoboMaster/Task4/hik_camera_driver/install/hik_camera_driver/lib/hik_camera_driver/param_info_node" to ""
[8.793s] -- Up-to-date: /home/fin/Code/RoboMaster/Task4/hik_camera_driver/install/hik_camera_driver/include
[8.793s] -- Up-to-date: /home/fin/Code/RoboMaster/Task4/hik_camera_driver/install/hik_camera_driver/include/hik_camera_driver
[8.793s] -- Installing: /home/fin/Code/RoboMaster/Task4/hik_camera_driver/install/hik_camera_driver/include/hik_camera_driver/hik_camera_driver.hpp
[8.793s] -- Up-to-date: /home/fin/Code/RoboMaster/Task4/hik_camera_driver/install/hik_camera_driver/include/hik_camera_driver/MvObsoleteInterfaces.h
[8.793s] -- Up-to-date: /home/fin/Code/RoboMaster/Task4/hik_camera_driver/install/hik_camera_driver/include/hik_camera_driver/PixelType.h
[8.793s] -- Up-to-date: /home/fin/Code/RoboMaster/Task4/hik_camera_driver/install/hik_camera_driver/include/hik_camera_driver/MvISPErrorDefine.h
[8.793s] -- Up-to-date: /home/fin/Code/RoboMaster/Task4/hik_camera_driver/install/hik_camera_driver/include/hik_camera_driver/MvCameraControl.h
[8.793s] -- Up-to-date: /home/fin/Code/RoboMaster/Task4/hik_camera_driver/install/hik_camera_driver/include/hik_camera_driver/mvs_sdk_wrapper.hpp
[8.793s] -- Up-to-date: /home/fin/Code/RoboMaster/Task4/hik_camera_driver/install/hik_camera_driver/include/hik_camera_driver/ObsoleteCamParams.h
[8.793s] -- Up-to-date: /home/fin/Code/RoboMaster/Task4/hik_camera_driver/install/hik_camera_driver/include/hik_camera_driver/MvErrorDefine.h
[8.794s] -- Up-to-date: /home/fin/Code/RoboMaster/Task4/hik_camera_driver/install/hik_camera_driver/include/hik_camera_driver/CameraParams.h
[8.794s] -- Up-to-date: /home/fin/Code/RoboMaster/Task4/hik_camera_driver/install/hik_camera_driver/share/hik_camera_driver/launch
[8.794s] -- Installing: /home/fin/Code/RoboMaster/Task4/hik_camera_driver/install/hik_camera_driver/share/hik_camera_driver/launch/hik_camera_system.launch.py
[8.794s] -- Up-to-date: /home/fin/Code/RoboMaster/Task4/hik_camera_driver/install/hik_camera_driver/share/hik_camera_driver/config
[8.794s] -- Installing: /home/fin/Code/RoboMaster/Task4/hik_camera_driver/install/hik_camera_driver/share/hik_camera_driver/config/camera_params.yaml
[8.794s] -- Up-to-date: /home/fin/Code/RoboMaster/Task4/hik_camera_driver/install/hik_camera_driver/share/hik_camera_driver/config/camera_display.rviz
[8.795s] -- Up-to-date: /home/fin/Code/RoboMaster/Task4/hik_camera_driver/install/hik_camera_driver/share/ament_index/resource_index/package_run_dependencies/hik_camera_driver
[8.795s] -- Up-to-date: /home/fin/Code/RoboMaster/Task4/hik_camera_driver/install/hik_camera_driver/share/ament_index/resource_index/parent_prefix_path/hik_camera_driver
[8.795s] -- Up-to-date: /home/fin/Code/RoboMaster/Task4/hik_camera_driver/install/hik_camera_driver/share/hik_camera_driver/environment/ament_prefix_path.sh
[8.795s] -- Installing: /home/fin/Code/RoboMaster/Task4/hik_camera_driver/install/hik_camera_driver/share/hik_camera_driver/environment/ament_prefix_path.dsv
[8.795s] -- Up-to-date: /home/fin/Code/RoboMaster/Task4/hik_camera_driver/install/hik_camera_driver/share/hik_camera_driver/environment/path.sh
[8.795s] -- Installing: /home/fin/Code/RoboMaster/Task4/hik_camera_driver/install/hik_camera_driver/share/hik_camera_driver/environment/path.dsv
[8.795s] -- Up-to-date: /home/fin/Code/RoboMaster/Task4/hik_camera_driver/install/hik_camera_driver/share/hik_camera_driver/local_setup.bash
[8.795s] -- Up-to-date: /home/fin/Code/RoboMaster/Task4/hik_camera_driver/install/hik_camera_driver/share/hik_camera_driver/local_setup.sh
[8.795s] -- Up-to-date: /home/fin/Code/RoboMaster/Task4/hik_camera_driver/install/hik_camera_driver/share/hik_camera_driver/local_setup.zsh
[8.796s] -- Installing: /home/fin/Code/RoboMaster/Task4/hik_camera_driver/install/hik_camera_driver/share/hik_camera_driver/local_setup.dsv
[8.796s] -- Installing: /home/fin/Code/RoboMaster/Task4/hik_camera_driver/install/hik_camera_driver/share/hik_camera_driver/package.dsv
[8.796s] -- Up-to-date: /home/fin/Code/RoboMaster/Task4/hik_camera_driver/install/hik_camera_driver/share/ament_index/resource_index/packages/hik_camera_driver
[8.796s] -- Up-to-date: /home/fin/Code/RoboMaster/Task4/hik_camera_driver/install/hik_camera_driver/share/hik_camera_driver/cmake/hik_camera_driverConfig.cmake
[8.796s] -- Up-to-date: /home/fin/Code/RoboMaster/Task4/hik_camera_driver/install/hik_camera_driver/share/hik_camera_driver/cmake/hik_camera_driverConfig-version.cmake
[8.796s] -- Up-to-date: /home/fin/Code/RoboMaster/Task4/hik_camera_driver/install/hik_camera_driver/share/hik_camera_driver/package.xml
[8.796s] Invoked command in '/home/fin/Code/RoboMaster/Task4/hik_camera_driver/build/hik_camera_driver' returned '0': CMAKE_PREFIX_PATH=/opt/ros/humble /usr/bin/cmake --install /home/fin/Code/RoboMaster/Task4/hik_camera_driver/build/hik_camera_driver
