[0.006s] Invoking command in '/home/fin/Code/RoboMaster/Task4/hik_camera_driver/build/hik_camera_driver': CMAKE_PREFIX_PATH=${CMAKE_PREFIX_PATH}:/opt/ros/humble /usr/bin/cmake /home/fin/Code/RoboMaster/Task4/hik_camera_driver -DCMAKE_BUILD_TYPE=RelWithDebInfo -DCMAKE_INSTALL_PREFIX=/home/fin/Code/RoboMaster/Task4/hik_camera_driver/install/hik_camera_driver
[0.014s] -- Found ament_cmake: 1.3.12 (/opt/ros/humble/share/ament_cmake/cmake)
[0.083s] -- Found rclcpp: 16.0.15 (/opt/ros/humble/share/rclcpp/cmake)
[0.098s] -- Found rosidl_generator_c: 3.1.7 (/opt/ros/humble/share/rosidl_generator_c/cmake)
[0.099s] -- Found rosidl_adapter: 3.1.7 (/opt/ros/humble/share/rosidl_adapter/cmake)
[0.102s] -- Found rosidl_generator_cpp: 3.1.7 (/opt/ros/humble/share/rosidl_generator_cpp/cmake)
[0.106s] -- Using all available rosidl_typesupport_c: rosidl_typesupport_fastrtps_c;rosidl_typesupport_introspection_c
[0.113s] -- Using all available rosidl_typesupport_cpp: rosidl_typesupport_fastrtps_cpp;rosidl_typesupport_introspection_cpp
[0.129s] -- Found rmw_implementation_cmake: 6.1.2 (/opt/ros/humble/share/rmw_implementation_cmake/cmake)
[0.129s] -- Found rmw_fastrtps_cpp: 6.2.8 (/opt/ros/humble/share/rmw_fastrtps_cpp/cmake)
[0.186s] -- Using RMW implementation 'rmw_fastrtps_cpp' as default
[0.214s] -- Found sensor_msgs: 4.9.0 (/opt/ros/humble/share/sensor_msgs/cmake)
[0.228s] -- Found cv_bridge: 3.2.1 (/opt/ros/humble/share/cv_bridge/cmake)
[0.230s] -- Found image_transport: 3.1.12 (/opt/ros/humble/share/image_transport/cmake)
[0.242s] -- MVS SDK directory: /opt/MVS
[0.242s] -- MVS library directory: /opt/MVS/lib/64
[0.244s] -- Linking MVS SDK libraries
[0.244s] -- Found ament_lint_auto: 0.12.14 (/opt/ros/humble/share/ament_lint_auto/cmake)
[0.283s] -- Added test 'copyright' to check source files copyright and LICENSE
[0.287s] -- Added test 'cppcheck' to perform static code analysis on C / C++ code
[0.287s] -- Configured cppcheck include dirs: /home/fin/Code/RoboMaster/Task4/hik_camera_driver/include
[0.288s] -- Configured cppcheck exclude dirs and/or files: 
[0.293s] -- Added test 'cpplint' to check C / C++ code against the Google style
[0.293s] -- Configured cpplint exclude dirs and/or files: 
[0.293s] -- Added test 'flake8' to check Python code syntax and style conventions
[0.295s] -- Added test 'lint_cmake' to check CMake code style
[0.295s] -- Added test 'pep257' to check Python code against some of the docstring style conventions in PEP 257
[0.300s] -- Added test 'uncrustify' to check C / C++ code style
[0.300s] -- Configured uncrustify additional arguments: 
[0.301s] -- Added test 'xmllint' to check XML markup files
[0.301s] -- Configuring done
[0.310s] -- Generating done
[0.314s] -- Build files have been written to: /home/fin/Code/RoboMaster/Task4/hik_camera_driver/build/hik_camera_driver
[0.320s] Invoked command in '/home/fin/Code/RoboMaster/Task4/hik_camera_driver/build/hik_camera_driver' returned '0': CMAKE_PREFIX_PATH=${CMAKE_PREFIX_PATH}:/opt/ros/humble /usr/bin/cmake /home/fin/Code/RoboMaster/Task4/hik_camera_driver -DCMAKE_BUILD_TYPE=RelWithDebInfo -DCMAKE_INSTALL_PREFIX=/home/fin/Code/RoboMaster/Task4/hik_camera_driver/install/hik_camera_driver
[0.320s] Invoking command in '/home/fin/Code/RoboMaster/Task4/hik_camera_driver/build/hik_camera_driver': CMAKE_PREFIX_PATH=${CMAKE_PREFIX_PATH}:/opt/ros/humble /usr/bin/cmake --build /home/fin/Code/RoboMaster/Task4/hik_camera_driver/build/hik_camera_driver -- -j24 -l24
[0.358s] [35m[1mConsolidate compiler generated dependencies of target fps_monitor_node[0m
[0.358s] [35m[1mConsolidate compiler generated dependencies of target param_info_node[0m
[0.358s] [35m[1mConsolidate compiler generated dependencies of target hik_camera_node[0m
[0.373s] [ 14%] [32mBuilding CXX object CMakeFiles/fps_monitor_node.dir/src/fps_monitor_node.cpp.o[0m
[0.373s] [ 28%] [32mBuilding CXX object CMakeFiles/param_info_node.dir/src/param_info_node.cpp.o[0m
[0.375s] [ 42%] [32mBuilding CXX object CMakeFiles/hik_camera_node.dir/src/hik_camera_node.cpp.o[0m
[0.375s] [ 57%] [32mBuilding CXX object CMakeFiles/hik_camera_node.dir/src/mvs_sdk_wrapper.cpp.o[0m
[2.258s] In file included from [01m[K/opt/ros/humble/include/rclcpp/rclcpp/logging.hpp:24[m[K,
[2.258s]                  from [01m[K/opt/ros/humble/include/rclcpp/rclcpp/client.hpp:40[m[K,
[2.258s]                  from [01m[K/opt/ros/humble/include/rclcpp/rclcpp/callback_group.hpp:24[m[K,
[2.258s]                  from [01m[K/opt/ros/humble/include/rclcpp/rclcpp/any_executable.hpp:20[m[K,
[2.258s]                  from [01m[K/opt/ros/humble/include/rclcpp/rclcpp/memory_strategy.hpp:25[m[K,
[2.258s]                  from [01m[K/opt/ros/humble/include/rclcpp/rclcpp/memory_strategies.hpp:18[m[K,
[2.258s]                  from [01m[K/opt/ros/humble/include/rclcpp/rclcpp/executor_options.hpp:20[m[K,
[2.258s]                  from [01m[K/opt/ros/humble/include/rclcpp/rclcpp/executor.hpp:37[m[K,
[2.258s]                  from [01m[K/opt/ros/humble/include/rclcpp/rclcpp/executors/multi_threaded_executor.hpp:25[m[K,
[2.258s]                  from [01m[K/opt/ros/humble/include/rclcpp/rclcpp/executors.hpp:21[m[K,
[2.258s]                  from [01m[K/opt/ros/humble/include/rclcpp/rclcpp/rclcpp.hpp:155[m[K,
[2.258s]                  from [01m[K/home/fin/Code/RoboMaster/Task4/hik_camera_driver/include/hik_camera_driver/hik_camera_driver.hpp:10[m[K,
[2.258s]                  from [01m[K/home/fin/Code/RoboMaster/Task4/hik_camera_driver/src/hik_camera_node.cpp:1[m[K:
[2.258s] [01m[K/home/fin/Code/RoboMaster/Task4/hik_camera_driver/src/hik_camera_node.cpp:[m[K In member function ‘[01m[Kvoid hik_camera_driver::HikCameraDriver::cameraCaptureThread()[m[K’:
[2.258s] [01m[K/home/fin/Code/RoboMaster/Task4/hik_camera_driver/src/hik_camera_node.cpp:346:61:[m[K [01;35m[Kwarning: [m[Kformat ‘[01m[K%d[m[K’ expects argument of type ‘[01m[Kint[m[K’, but argument 5 has type ‘[01m[Klong int[m[K’ [[01;35m[K]8;;https://gcc.gnu.org/onlinedocs/gcc/Warning-Options.html#index-Wformat=-Wformat=]8;;[m[K]
[2.258s]   346 |                             RCLCPP_WARN(this->get_logger(), [01;35m[K"不支持的像素格式: %d"[m[K, [32m[Kinfo.enPixelType[m[K);
[2.258s]       |                                                             [01;35m[K^~~~~~~~~~~~~~~~~~~~~~[m[K  [32m[K~~~~~~~~~~~~~~~~[m[K
[2.258s]       |                                                                                          [32m[K|[m[K
[2.258s]       |                                                                                          [32m[Klong int[m[K
[2.259s] [01m[K/home/fin/Code/RoboMaster/Task4/hik_camera_driver/src/hik_camera_node.cpp:346:81:[m[K [01;36m[Knote: [m[Kformat string is defined here
[2.259s]   346 |                             RCLCPP_WARN(this->get_logger(), "不支持的像素格式: [01;36m[K%d[m[K", info.enPixelType);
[2.259s]       |                                                                                [01;36m[K~^[m[K
[2.259s]       |                                                                                 [01;36m[K|[m[K
[2.259s]       |                                                                                 [01;36m[Kint[m[K
[2.259s]       |                                                                                [32m[K%ld[m[K
[4.192s] [ 71%] [32m[1mLinking CXX executable hik_camera_node[0m
[4.236s] [ 85%] [32m[1mLinking CXX executable param_info_node[0m
[4.245s] /usr/bin/ld: warning: libopencv_imgcodecs.so.4.5d, needed by /opt/ros/humble/lib/libcv_bridge.so, may conflict with libopencv_imgcodecs.so.413
[4.245s] /usr/bin/ld: warning: libopencv_imgproc.so.4.5d, needed by /opt/ros/humble/lib/libcv_bridge.so, may conflict with libopencv_imgproc.so.413
[4.245s] /usr/bin/ld: warning: libopencv_core.so.4.5d, needed by /opt/ros/humble/lib/libcv_bridge.so, may conflict with libopencv_core.so.413
[4.327s] [ 85%] Built target param_info_node
[4.408s] [ 85%] Built target hik_camera_node
[8.560s] [100%] [32m[1mLinking CXX executable fps_monitor_node[0m
[8.712s] [100%] Built target fps_monitor_node
[8.721s] Invoked command in '/home/fin/Code/RoboMaster/Task4/hik_camera_driver/build/hik_camera_driver' returned '0': CMAKE_PREFIX_PATH=${CMAKE_PREFIX_PATH}:/opt/ros/humble /usr/bin/cmake --build /home/fin/Code/RoboMaster/Task4/hik_camera_driver/build/hik_camera_driver -- -j24 -l24
[8.730s] Invoking command in '/home/fin/Code/RoboMaster/Task4/hik_camera_driver/build/hik_camera_driver': CMAKE_PREFIX_PATH=${CMAKE_PREFIX_PATH}:/opt/ros/humble /usr/bin/cmake --install /home/fin/Code/RoboMaster/Task4/hik_camera_driver/build/hik_camera_driver
[8.738s] -- Install configuration: "RelWithDebInfo"
[8.739s] -- Installing: /home/fin/Code/RoboMaster/Task4/hik_camera_driver/install/hik_camera_driver/lib/hik_camera_driver/hik_camera_node
[8.741s] -- Set runtime path of "/home/fin/Code/RoboMaster/Task4/hik_camera_driver/install/hik_camera_driver/lib/hik_camera_driver/hik_camera_node" to "/opt/MVS/lib/64:/opt/ros/humble/lib/x86_64-linux-gnu:/opt/ros/humble/lib:/usr/local/lib"
[8.741s] -- Installing: /home/fin/Code/RoboMaster/Task4/hik_camera_driver/install/hik_camera_driver/lib/hik_camera_driver/fps_monitor_node
[8.746s] -- Set runtime path of "/home/fin/Code/RoboMaster/Task4/hik_camera_driver/install/hik_camera_driver/lib/hik_camera_driver/fps_monitor_node" to "/opt/MVS/lib/64:/opt/ros/humble/lib"
[8.746s] -- Installing: /home/fin/Code/RoboMaster/Task4/hik_camera_driver/install/hik_camera_driver/lib/hik_camera_driver/param_info_node
[8.747s] -- Set runtime path of "/home/fin/Code/RoboMaster/Task4/hik_camera_driver/install/hik_camera_driver/lib/hik_camera_driver/param_info_node" to "/opt/MVS/lib/64:/opt/ros/humble/lib"
[8.747s] -- Up-to-date: /home/fin/Code/RoboMaster/Task4/hik_camera_driver/install/hik_camera_driver/include
[8.748s] -- Up-to-date: /home/fin/Code/RoboMaster/Task4/hik_camera_driver/install/hik_camera_driver/include/hik_camera_driver
[8.748s] -- Up-to-date: /home/fin/Code/RoboMaster/Task4/hik_camera_driver/install/hik_camera_driver/include/hik_camera_driver/hik_camera_driver.hpp
[8.748s] -- Up-to-date: /home/fin/Code/RoboMaster/Task4/hik_camera_driver/install/hik_camera_driver/include/hik_camera_driver/MvObsoleteInterfaces.h
[8.748s] -- Up-to-date: /home/fin/Code/RoboMaster/Task4/hik_camera_driver/install/hik_camera_driver/include/hik_camera_driver/PixelType.h
[8.748s] -- Up-to-date: /home/fin/Code/RoboMaster/Task4/hik_camera_driver/install/hik_camera_driver/include/hik_camera_driver/MvISPErrorDefine.h
[8.748s] -- Up-to-date: /home/fin/Code/RoboMaster/Task4/hik_camera_driver/install/hik_camera_driver/include/hik_camera_driver/MvCameraControl.h
[8.748s] -- Up-to-date: /home/fin/Code/RoboMaster/Task4/hik_camera_driver/install/hik_camera_driver/include/hik_camera_driver/mvs_sdk_wrapper.hpp
[8.748s] -- Up-to-date: /home/fin/Code/RoboMaster/Task4/hik_camera_driver/install/hik_camera_driver/include/hik_camera_driver/ObsoleteCamParams.h
[8.748s] -- Up-to-date: /home/fin/Code/RoboMaster/Task4/hik_camera_driver/install/hik_camera_driver/include/hik_camera_driver/MvErrorDefine.h
[8.748s] -- Up-to-date: /home/fin/Code/RoboMaster/Task4/hik_camera_driver/install/hik_camera_driver/include/hik_camera_driver/CameraParams.h
[8.748s] -- Up-to-date: /home/fin/Code/RoboMaster/Task4/hik_camera_driver/install/hik_camera_driver/share/hik_camera_driver/launch
[8.748s] -- Up-to-date: /home/fin/Code/RoboMaster/Task4/hik_camera_driver/install/hik_camera_driver/share/hik_camera_driver/launch/hik_camera_system.launch.py
[8.748s] -- Up-to-date: /home/fin/Code/RoboMaster/Task4/hik_camera_driver/install/hik_camera_driver/share/hik_camera_driver/config
[8.748s] -- Up-to-date: /home/fin/Code/RoboMaster/Task4/hik_camera_driver/install/hik_camera_driver/share/hik_camera_driver/config/camera_params.yaml
[8.748s] -- Up-to-date: /home/fin/Code/RoboMaster/Task4/hik_camera_driver/install/hik_camera_driver/share/hik_camera_driver/config/camera_display.rviz
[8.748s] -- Up-to-date: /home/fin/Code/RoboMaster/Task4/hik_camera_driver/install/hik_camera_driver/share/ament_index/resource_index/package_run_dependencies/hik_camera_driver
[8.748s] -- Up-to-date: /home/fin/Code/RoboMaster/Task4/hik_camera_driver/install/hik_camera_driver/share/ament_index/resource_index/parent_prefix_path/hik_camera_driver
[8.748s] -- Up-to-date: /home/fin/Code/RoboMaster/Task4/hik_camera_driver/install/hik_camera_driver/share/hik_camera_driver/environment/ament_prefix_path.sh
[8.748s] -- Installing: /home/fin/Code/RoboMaster/Task4/hik_camera_driver/install/hik_camera_driver/share/hik_camera_driver/environment/ament_prefix_path.dsv
[8.748s] -- Up-to-date: /home/fin/Code/RoboMaster/Task4/hik_camera_driver/install/hik_camera_driver/share/hik_camera_driver/environment/path.sh
[8.749s] -- Installing: /home/fin/Code/RoboMaster/Task4/hik_camera_driver/install/hik_camera_driver/share/hik_camera_driver/environment/path.dsv
[8.749s] -- Up-to-date: /home/fin/Code/RoboMaster/Task4/hik_camera_driver/install/hik_camera_driver/share/hik_camera_driver/local_setup.bash
[8.749s] -- Up-to-date: /home/fin/Code/RoboMaster/Task4/hik_camera_driver/install/hik_camera_driver/share/hik_camera_driver/local_setup.sh
[8.749s] -- Up-to-date: /home/fin/Code/RoboMaster/Task4/hik_camera_driver/install/hik_camera_driver/share/hik_camera_driver/local_setup.zsh
[8.749s] -- Installing: /home/fin/Code/RoboMaster/Task4/hik_camera_driver/install/hik_camera_driver/share/hik_camera_driver/local_setup.dsv
[8.749s] -- Installing: /home/fin/Code/RoboMaster/Task4/hik_camera_driver/install/hik_camera_driver/share/hik_camera_driver/package.dsv
[8.749s] -- Up-to-date: /home/fin/Code/RoboMaster/Task4/hik_camera_driver/install/hik_camera_driver/share/ament_index/resource_index/packages/hik_camera_driver
[8.749s] -- Up-to-date: /home/fin/Code/RoboMaster/Task4/hik_camera_driver/install/hik_camera_driver/share/hik_camera_driver/cmake/hik_camera_driverConfig.cmake
[8.749s] -- Up-to-date: /home/fin/Code/RoboMaster/Task4/hik_camera_driver/install/hik_camera_driver/share/hik_camera_driver/cmake/hik_camera_driverConfig-version.cmake
[8.749s] -- Up-to-date: /home/fin/Code/RoboMaster/Task4/hik_camera_driver/install/hik_camera_driver/share/hik_camera_driver/package.xml
[8.750s] Invoked command in '/home/fin/Code/RoboMaster/Task4/hik_camera_driver/build/hik_camera_driver' returned '0': CMAKE_PREFIX_PATH=${CMAKE_PREFIX_PATH}:/opt/ros/humble /usr/bin/cmake --install /home/fin/Code/RoboMaster/Task4/hik_camera_driver/build/hik_camera_driver
