[0.050s] DEBUG:colcon:Command line arguments: ['/usr/bin/colcon', 'build', '--packages-select', 'hik_camera_driver', '--cmake-args', '-DCMAKE_BUILD_TYPE=RelWithDebInfo']
[0.050s] DEBUG:colcon:Parsed command line arguments: Namespace(log_base=None, log_level=None, verb_name='build', build_base='build', install_base='install', merge_install=False, symlink_install=False, test_result_base=None, continue_on_error=False, executor='parallel', parallel_workers=24, event_handlers=None, ignore_user_meta=False, metas=['./colcon.meta'], base_paths=['.'], packages_ignore=None, packages_ignore_regex=None, paths=None, packages_up_to=None, packages_up_to_regex=None, packages_above=None, packages_above_and_dependencies=None, packages_above_depth=None, packages_select_by_dep=None, packages_skip_by_dep=None, packages_skip_up_to=None, packages_select_build_failed=False, packages_skip_build_finished=False, packages_select_test_failures=False, packages_skip_test_passed=False, packages_select=['hik_camera_driver'], packages_skip=None, packages_select_regex=None, packages_skip_regex=None, packages_start=None, packages_end=None, allow_overriding=[], cmake_args=['-DCMAKE_BUILD_TYPE=RelWithDebInfo'], cmake_target=None, cmake_target_skip_unavailable=False, cmake_clean_cache=False, cmake_clean_first=False, cmake_force_configure=False, ament_cmake_args=None, catkin_cmake_args=None, catkin_skip_building_tests=False, verb_parser=<colcon_defaults.argument_parser.defaults.DefaultArgumentsDecorator object at 0x775fe3c68dc0>, verb_extension=<colcon_core.verb.build.BuildVerb object at 0x775fe3d72320>, main=<bound method BuildVerb.main of <colcon_core.verb.build.BuildVerb object at 0x775fe3d72320>>)
[0.123s] Level 1:colcon.colcon_core.package_discovery:discover_packages(colcon_meta) check parameters
[0.123s] Level 1:colcon.colcon_core.package_discovery:discover_packages(recursive) check parameters
[0.123s] Level 1:colcon.colcon_core.package_discovery:discover_packages(ignore) check parameters
[0.123s] Level 1:colcon.colcon_core.package_discovery:discover_packages(path) check parameters
[0.123s] Level 1:colcon.colcon_core.package_discovery:discover_packages(colcon_meta) discover
[0.123s] Level 1:colcon.colcon_core.package_discovery:discover_packages(recursive) discover
[0.123s] INFO:colcon.colcon_core.package_discovery:Crawling recursively for packages in '/home/fin/Code/RoboMaster/Task4/hik_camera_driver'
[0.123s] Level 1:colcon.colcon_core.package_identification:_identify(.) by extensions ['ignore', 'ignore_ament_install']
[0.123s] Level 1:colcon.colcon_core.package_identification:_identify(.) by extension 'ignore'
[0.123s] Level 1:colcon.colcon_core.package_identification:_identify(.) by extension 'ignore_ament_install'
[0.123s] Level 1:colcon.colcon_core.package_identification:_identify(.) by extensions ['colcon_pkg']
[0.123s] Level 1:colcon.colcon_core.package_identification:_identify(.) by extension 'colcon_pkg'
[0.123s] Level 1:colcon.colcon_core.package_identification:_identify(.) by extensions ['colcon_meta']
[0.123s] Level 1:colcon.colcon_core.package_identification:_identify(.) by extension 'colcon_meta'
[0.123s] Level 1:colcon.colcon_core.package_identification:_identify(.) by extensions ['ros']
[0.123s] Level 1:colcon.colcon_core.package_identification:_identify(.) by extension 'ros'
[0.130s] DEBUG:colcon.colcon_core.package_identification:Package '.' with type 'ros.ament_cmake' and name 'hik_camera_driver'
[0.130s] Level 1:colcon.colcon_core.package_discovery:discover_packages(recursive) using defaults
[0.130s] Level 1:colcon.colcon_core.package_discovery:discover_packages(ignore) discover
[0.130s] Level 1:colcon.colcon_core.package_discovery:discover_packages(ignore) using defaults
[0.130s] Level 1:colcon.colcon_core.package_discovery:discover_packages(path) discover
[0.130s] Level 1:colcon.colcon_core.package_discovery:discover_packages(path) using defaults
[0.145s] Level 1:colcon.colcon_core.package_discovery:discover_packages(prefix_path) check parameters
[0.145s] Level 1:colcon.colcon_core.package_discovery:discover_packages(prefix_path) discover
[0.146s] DEBUG:colcon.colcon_installed_package_information.package_discovery:Found 279 installed packages in /opt/ros/humble
[0.147s] Level 1:colcon.colcon_core.package_discovery:discover_packages(prefix_path) using defaults
[0.163s] Level 5:colcon.colcon_core.verb:set package 'hik_camera_driver' build argument 'cmake_args' from command line to '['-DCMAKE_BUILD_TYPE=RelWithDebInfo']'
[0.163s] Level 5:colcon.colcon_core.verb:set package 'hik_camera_driver' build argument 'cmake_target' from command line to 'None'
[0.163s] Level 5:colcon.colcon_core.verb:set package 'hik_camera_driver' build argument 'cmake_target_skip_unavailable' from command line to 'False'
[0.163s] Level 5:colcon.colcon_core.verb:set package 'hik_camera_driver' build argument 'cmake_clean_cache' from command line to 'False'
[0.163s] Level 5:colcon.colcon_core.verb:set package 'hik_camera_driver' build argument 'cmake_clean_first' from command line to 'False'
[0.163s] Level 5:colcon.colcon_core.verb:set package 'hik_camera_driver' build argument 'cmake_force_configure' from command line to 'False'
[0.163s] Level 5:colcon.colcon_core.verb:set package 'hik_camera_driver' build argument 'ament_cmake_args' from command line to 'None'
[0.163s] Level 5:colcon.colcon_core.verb:set package 'hik_camera_driver' build argument 'catkin_cmake_args' from command line to 'None'
[0.163s] Level 5:colcon.colcon_core.verb:set package 'hik_camera_driver' build argument 'catkin_skip_building_tests' from command line to 'False'
[0.163s] DEBUG:colcon.colcon_core.verb:Building package 'hik_camera_driver' with the following arguments: {'ament_cmake_args': None, 'build_base': '/home/fin/Code/RoboMaster/Task4/hik_camera_driver/build/hik_camera_driver', 'catkin_cmake_args': None, 'catkin_skip_building_tests': False, 'cmake_args': ['-DCMAKE_BUILD_TYPE=RelWithDebInfo'], 'cmake_clean_cache': False, 'cmake_clean_first': False, 'cmake_force_configure': False, 'cmake_target': None, 'cmake_target_skip_unavailable': False, 'install_base': '/home/fin/Code/RoboMaster/Task4/hik_camera_driver/install/hik_camera_driver', 'merge_install': False, 'path': '/home/fin/Code/RoboMaster/Task4/hik_camera_driver', 'symlink_install': False, 'test_result_base': None}
[0.164s] INFO:colcon.colcon_core.executor:Executing jobs using 'parallel' executor
[0.164s] DEBUG:colcon.colcon_parallel_executor.executor.parallel:run_until_complete
[0.164s] INFO:colcon.colcon_ros.task.ament_cmake.build:Building ROS package in '/home/fin/Code/RoboMaster/Task4/hik_camera_driver' with build type 'ament_cmake'
[0.164s] INFO:colcon.colcon_cmake.task.cmake.build:Building CMake package in '/home/fin/Code/RoboMaster/Task4/hik_camera_driver'
[0.165s] INFO:colcon.colcon_core.plugin_system:Skipping extension 'colcon_core.shell.bat': Not used on non-Windows systems
[0.165s] INFO:colcon.colcon_core.shell:Skip shell extension 'powershell' for command environment: Not usable outside of PowerShell
[0.165s] DEBUG:colcon.colcon_core.shell:Skip shell extension 'dsv' for command environment
[0.171s] DEBUG:colcon.colcon_core.event_handler.log_command:Invoking command in '/home/fin/Code/RoboMaster/Task4/hik_camera_driver/build/hik_camera_driver': CMAKE_PREFIX_PATH=/opt/ros/humble /usr/bin/cmake /home/fin/Code/RoboMaster/Task4/hik_camera_driver -DCMAKE_BUILD_TYPE=RelWithDebInfo -DCMAKE_INSTALL_PREFIX=/home/fin/Code/RoboMaster/Task4/hik_camera_driver/install/hik_camera_driver
[0.486s] DEBUG:colcon.colcon_core.event_handler.log_command:Invoked command in '/home/fin/Code/RoboMaster/Task4/hik_camera_driver/build/hik_camera_driver' returned '0': CMAKE_PREFIX_PATH=/opt/ros/humble /usr/bin/cmake /home/fin/Code/RoboMaster/Task4/hik_camera_driver -DCMAKE_BUILD_TYPE=RelWithDebInfo -DCMAKE_INSTALL_PREFIX=/home/fin/Code/RoboMaster/Task4/hik_camera_driver/install/hik_camera_driver
[0.487s] DEBUG:colcon.colcon_core.event_handler.log_command:Invoking command in '/home/fin/Code/RoboMaster/Task4/hik_camera_driver/build/hik_camera_driver': CMAKE_PREFIX_PATH=/opt/ros/humble /usr/bin/cmake --build /home/fin/Code/RoboMaster/Task4/hik_camera_driver/build/hik_camera_driver -- -j24 -l24
[8.936s] DEBUG:colcon.colcon_core.event_handler.log_command:Invoked command in '/home/fin/Code/RoboMaster/Task4/hik_camera_driver/build/hik_camera_driver' returned '0': CMAKE_PREFIX_PATH=/opt/ros/humble /usr/bin/cmake --build /home/fin/Code/RoboMaster/Task4/hik_camera_driver/build/hik_camera_driver -- -j24 -l24
[8.943s] DEBUG:colcon.colcon_core.event_handler.log_command:Invoking command in '/home/fin/Code/RoboMaster/Task4/hik_camera_driver/build/hik_camera_driver': CMAKE_PREFIX_PATH=/opt/ros/humble /usr/bin/cmake --install /home/fin/Code/RoboMaster/Task4/hik_camera_driver/build/hik_camera_driver
[8.958s] Level 1:colcon.colcon_core.environment:create_environment_scripts_only(hik_camera_driver)
[8.960s] Level 1:colcon.colcon_core.environment:checking '/home/fin/Code/RoboMaster/Task4/hik_camera_driver/install/hik_camera_driver' for CMake module files
[8.961s] DEBUG:colcon.colcon_core.event_handler.log_command:Invoked command in '/home/fin/Code/RoboMaster/Task4/hik_camera_driver/build/hik_camera_driver' returned '0': CMAKE_PREFIX_PATH=/opt/ros/humble /usr/bin/cmake --install /home/fin/Code/RoboMaster/Task4/hik_camera_driver/build/hik_camera_driver
[8.961s] Level 1:colcon.colcon_core.environment:checking '/home/fin/Code/RoboMaster/Task4/hik_camera_driver/install/hik_camera_driver' for CMake config files
[8.961s] Level 1:colcon.colcon_core.shell:create_environment_hook('hik_camera_driver', 'cmake_prefix_path')
[8.961s] INFO:colcon.colcon_core.shell:Creating environment hook '/home/fin/Code/RoboMaster/Task4/hik_camera_driver/install/hik_camera_driver/share/hik_camera_driver/hook/cmake_prefix_path.ps1'
[8.962s] INFO:colcon.colcon_core.shell:Creating environment descriptor '/home/fin/Code/RoboMaster/Task4/hik_camera_driver/install/hik_camera_driver/share/hik_camera_driver/hook/cmake_prefix_path.dsv'
[8.962s] INFO:colcon.colcon_core.shell:Creating environment hook '/home/fin/Code/RoboMaster/Task4/hik_camera_driver/install/hik_camera_driver/share/hik_camera_driver/hook/cmake_prefix_path.sh'
[8.962s] Level 1:colcon.colcon_core.environment:checking '/home/fin/Code/RoboMaster/Task4/hik_camera_driver/install/hik_camera_driver/lib'
[8.962s] Level 1:colcon.colcon_core.environment:checking '/home/fin/Code/RoboMaster/Task4/hik_camera_driver/install/hik_camera_driver/bin'
[8.962s] Level 1:colcon.colcon_core.environment:checking '/home/fin/Code/RoboMaster/Task4/hik_camera_driver/install/hik_camera_driver/lib/pkgconfig/hik_camera_driver.pc'
[8.963s] Level 1:colcon.colcon_core.environment:checking '/home/fin/Code/RoboMaster/Task4/hik_camera_driver/install/hik_camera_driver/lib/python3.10/site-packages'
[8.963s] Level 1:colcon.colcon_core.environment:checking '/home/fin/Code/RoboMaster/Task4/hik_camera_driver/install/hik_camera_driver/bin'
[8.963s] INFO:colcon.colcon_core.shell:Creating package script '/home/fin/Code/RoboMaster/Task4/hik_camera_driver/install/hik_camera_driver/share/hik_camera_driver/package.ps1'
[8.963s] INFO:colcon.colcon_core.shell:Creating package descriptor '/home/fin/Code/RoboMaster/Task4/hik_camera_driver/install/hik_camera_driver/share/hik_camera_driver/package.dsv'
[8.963s] INFO:colcon.colcon_core.shell:Creating package script '/home/fin/Code/RoboMaster/Task4/hik_camera_driver/install/hik_camera_driver/share/hik_camera_driver/package.sh'
[8.964s] INFO:colcon.colcon_core.shell:Creating package script '/home/fin/Code/RoboMaster/Task4/hik_camera_driver/install/hik_camera_driver/share/hik_camera_driver/package.bash'
[8.964s] INFO:colcon.colcon_core.shell:Creating package script '/home/fin/Code/RoboMaster/Task4/hik_camera_driver/install/hik_camera_driver/share/hik_camera_driver/package.zsh'
[8.964s] Level 1:colcon.colcon_core.environment:create_file_with_runtime_dependencies(/home/fin/Code/RoboMaster/Task4/hik_camera_driver/install/hik_camera_driver/share/colcon-core/packages/hik_camera_driver)
[8.965s] Level 1:colcon.colcon_core.environment:create_environment_scripts_only(hik_camera_driver)
[8.965s] Level 1:colcon.colcon_core.environment:checking '/home/fin/Code/RoboMaster/Task4/hik_camera_driver/install/hik_camera_driver' for CMake module files
[8.965s] Level 1:colcon.colcon_core.environment:checking '/home/fin/Code/RoboMaster/Task4/hik_camera_driver/install/hik_camera_driver' for CMake config files
[8.965s] Level 1:colcon.colcon_core.shell:create_environment_hook('hik_camera_driver', 'cmake_prefix_path')
[8.965s] INFO:colcon.colcon_core.shell:Creating environment hook '/home/fin/Code/RoboMaster/Task4/hik_camera_driver/install/hik_camera_driver/share/hik_camera_driver/hook/cmake_prefix_path.ps1'
[8.965s] INFO:colcon.colcon_core.shell:Creating environment descriptor '/home/fin/Code/RoboMaster/Task4/hik_camera_driver/install/hik_camera_driver/share/hik_camera_driver/hook/cmake_prefix_path.dsv'
[8.965s] INFO:colcon.colcon_core.shell:Creating environment hook '/home/fin/Code/RoboMaster/Task4/hik_camera_driver/install/hik_camera_driver/share/hik_camera_driver/hook/cmake_prefix_path.sh'
[8.966s] Level 1:colcon.colcon_core.environment:checking '/home/fin/Code/RoboMaster/Task4/hik_camera_driver/install/hik_camera_driver/lib'
[8.966s] Level 1:colcon.colcon_core.environment:checking '/home/fin/Code/RoboMaster/Task4/hik_camera_driver/install/hik_camera_driver/bin'
[8.966s] Level 1:colcon.colcon_core.environment:checking '/home/fin/Code/RoboMaster/Task4/hik_camera_driver/install/hik_camera_driver/lib/pkgconfig/hik_camera_driver.pc'
[8.966s] Level 1:colcon.colcon_core.environment:checking '/home/fin/Code/RoboMaster/Task4/hik_camera_driver/install/hik_camera_driver/lib/python3.10/site-packages'
[8.966s] Level 1:colcon.colcon_core.environment:checking '/home/fin/Code/RoboMaster/Task4/hik_camera_driver/install/hik_camera_driver/bin'
[8.966s] INFO:colcon.colcon_core.shell:Creating package script '/home/fin/Code/RoboMaster/Task4/hik_camera_driver/install/hik_camera_driver/share/hik_camera_driver/package.ps1'
[8.966s] INFO:colcon.colcon_core.shell:Creating package descriptor '/home/fin/Code/RoboMaster/Task4/hik_camera_driver/install/hik_camera_driver/share/hik_camera_driver/package.dsv'
[8.966s] INFO:colcon.colcon_core.shell:Creating package script '/home/fin/Code/RoboMaster/Task4/hik_camera_driver/install/hik_camera_driver/share/hik_camera_driver/package.sh'
[8.967s] INFO:colcon.colcon_core.shell:Creating package script '/home/fin/Code/RoboMaster/Task4/hik_camera_driver/install/hik_camera_driver/share/hik_camera_driver/package.bash'
[8.967s] INFO:colcon.colcon_core.shell:Creating package script '/home/fin/Code/RoboMaster/Task4/hik_camera_driver/install/hik_camera_driver/share/hik_camera_driver/package.zsh'
[8.967s] Level 1:colcon.colcon_core.environment:create_file_with_runtime_dependencies(/home/fin/Code/RoboMaster/Task4/hik_camera_driver/install/hik_camera_driver/share/colcon-core/packages/hik_camera_driver)
[8.967s] DEBUG:colcon.colcon_parallel_executor.executor.parallel:closing loop
[8.967s] DEBUG:colcon.colcon_parallel_executor.executor.parallel:loop closed
[8.967s] DEBUG:colcon.colcon_parallel_executor.executor.parallel:run_until_complete finished with '0'
[8.967s] DEBUG:colcon.colcon_core.event_reactor:joining thread
[8.970s] INFO:colcon.colcon_core.plugin_system:Skipping extension 'colcon_notification.desktop_notification.terminal_notifier': Not used on non-Darwin systems
[8.970s] INFO:colcon.colcon_core.plugin_system:Skipping extension 'colcon_notification.desktop_notification.win32': Not used on non-Windows systems
[8.970s] INFO:colcon.colcon_notification.desktop_notification:Sending desktop notification using 'notify2'
[8.977s] DEBUG:colcon.colcon_core.event_reactor:joined thread
[8.977s] INFO:colcon.colcon_core.shell:Creating prefix script '/home/fin/Code/RoboMaster/Task4/hik_camera_driver/install/local_setup.ps1'
[8.978s] INFO:colcon.colcon_core.shell:Creating prefix util module '/home/fin/Code/RoboMaster/Task4/hik_camera_driver/install/_local_setup_util_ps1.py'
[8.979s] INFO:colcon.colcon_core.shell:Creating prefix chain script '/home/fin/Code/RoboMaster/Task4/hik_camera_driver/install/setup.ps1'
[8.980s] INFO:colcon.colcon_core.shell:Creating prefix script '/home/fin/Code/RoboMaster/Task4/hik_camera_driver/install/local_setup.sh'
[8.980s] INFO:colcon.colcon_core.shell:Creating prefix util module '/home/fin/Code/RoboMaster/Task4/hik_camera_driver/install/_local_setup_util_sh.py'
[8.980s] INFO:colcon.colcon_core.shell:Creating prefix chain script '/home/fin/Code/RoboMaster/Task4/hik_camera_driver/install/setup.sh'
[8.981s] INFO:colcon.colcon_core.shell:Creating prefix script '/home/fin/Code/RoboMaster/Task4/hik_camera_driver/install/local_setup.bash'
[8.981s] INFO:colcon.colcon_core.shell:Creating prefix chain script '/home/fin/Code/RoboMaster/Task4/hik_camera_driver/install/setup.bash'
[8.982s] INFO:colcon.colcon_core.shell:Creating prefix script '/home/fin/Code/RoboMaster/Task4/hik_camera_driver/install/local_setup.zsh'
[8.982s] INFO:colcon.colcon_core.shell:Creating prefix chain script '/home/fin/Code/RoboMaster/Task4/hik_camera_driver/install/setup.zsh'
